1/A'
& 4.82 & 2.68 & 1.81 & 9.32
2/A'
& 1.57 & 5.80 & 1.11 & 8.49
3/A'
& 5.22 & 3.70 & 2.19 & 11.11
4/A'
& 1.35 & 3.19 & 1.09 & 5.63
5/A'
& 2.16 & 3.86 & 1.50 & 7.52
6/A'
& 3.36 & 4.24 & 1.47 & 9.06
7/A'
& 1.44 & 2.18 & 2.45 & 6.07
8/A'
& 1.24 & 2.43 & 0.73 & 4.40
9/A'
& 3.75 & 4.76 & 1.97 & 10.48
10/A'
& 9.13 & 4.40 & 2.21 & 15.74
1/A"
& -0.35 & -0.05 & 0.36 & -0.05
2/A"
& 0.36 & -0.17 & 0.38 & 0.57
3/A"
& 1.02 & 1.13 & 5.25 & 7.40
4/A"
& 2.48 & 2.04 & 4.98 & 9.50
5/A"
& 0.57 & 1.28 & 5.36 & 7.21
6/A"
& 4.06 & 1.75 & 4.83 & 10.64
7/A"
& 0.78 & 0.64 & 2.29 & 3.70
8/A"
& 1.34 & 0.57 & 2.28 & 4.19
9/A"
& 0.36 & 0.22 & 2.13 & 2.72
10/A"
& 0.96 & 0.17 & 1.00 & 2.13
