This is pdfTeX, Version 3.14159265-2.6-1.40.18 (TeX Live 2017/Debian) (preloaded format=pdflatex 2018.12.27)  13 JAN 2019 16:40
entering extended mode
 restricted \write18 enabled.
 %&-line parsing enabled.
**fc-cvs-eom_rev.tex
(./fc-cvs-eom_rev.tex
LaTeX2e <2017-04-15>
Babel <3.18> and hyphenation patterns for 84 language(s) loaded.
(/usr/share/texlive/texmf-dist/tex/latex/achemso/achemso.cls
Document Class: achemso 2018/02/05 v3.11a Submission to ACS journals
(/usr/share/texlive/texmf-dist/tex/latex/base/article.cls
Document Class: article 2014/09/29 v1.4h Standard LaTeX document class
(/usr/share/texlive/texmf-dist/tex/latex/base/size12.clo
File: size12.clo 2014/09/29 v1.4h Standard LaTeX file (size option)
)
\c@part=\count79
\c@section=\count80
\c@subsection=\count81
\c@subsubsection=\count82
\c@paragraph=\count83
\c@subparagraph=\count84
\c@figure=\count85
\c@table=\count86
\abovecaptionskip=\skip41
\belowcaptionskip=\skip42
\bibindent=\dimen102
)
(/usr/share/texlive/texmf-dist/tex/latex/xkeyval/xkeyval.sty
Package: xkeyval 2014/12/03 v2.7a package option processing (HA)

(/usr/share/texlive/texmf-dist/tex/generic/xkeyval/xkeyval.tex
(/usr/share/texlive/texmf-dist/tex/generic/xkeyval/xkvutils.tex
\XKV@toks=\toks14
\XKV@tempa@toks=\toks15

(/usr/share/texlive/texmf-dist/tex/generic/xkeyval/keyval.tex))
\XKV@depth=\count87
File: xkeyval.tex 2014/12/03 v2.7a key=value parser (HA)
))
\acs@bib@file=\write3
\c@bibnote=\count88

(/usr/share/texlive/texmf-dist/tex/latex/geometry/geometry.sty
Package: geometry 2010/09/12 v5.6 Page Geometry

(/usr/share/texlive/texmf-dist/tex/generic/oberdiek/ifpdf.sty
Package: ifpdf 2017/03/15 v3.2 Provides the ifpdf switch
)
(/usr/share/texlive/texmf-dist/tex/generic/oberdiek/ifvtex.sty
Package: ifvtex 2016/05/16 v1.6 Detect VTeX and its facilities (HO)
Package ifvtex Info: VTeX not detected.
)
(/usr/share/texlive/texmf-dist/tex/generic/ifxetex/ifxetex.sty
Package: ifxetex 2010/09/12 v0.6 Provides ifxetex conditional
)
\Gm@cnth=\count89
\Gm@cntv=\count90
\c@Gm@tempcnt=\count91
\Gm@bindingoffset=\dimen103
\Gm@wd@mp=\dimen104
\Gm@odd@mp=\dimen105
\Gm@even@mp=\dimen106
\Gm@layoutwidth=\dimen107
\Gm@layoutheight=\dimen108
\Gm@layouthoffset=\dimen109
\Gm@layoutvoffset=\dimen110
\Gm@dimlist=\toks16
)
(/usr/share/texlive/texmf-dist/tex/latex/caption/caption.sty
Package: caption 2016/02/21 v3.3-144 Customizing captions (AR)

(/usr/share/texlive/texmf-dist/tex/latex/caption/caption3.sty
Package: caption3 2016/05/22 v1.7-166 caption3 kernel (AR)
Package caption3 Info: TeX engine: e-TeX on input line 67.
\captionmargin=\dimen111
\captionmargin@=\dimen112
\captionwidth=\dimen113
\caption@tempdima=\dimen114
\caption@indent=\dimen115
\caption@parindent=\dimen116
\caption@hangindent=\dimen117
)
\c@ContinuedFloat=\count92
)
(/usr/share/texlive/texmf-dist/tex/latex/float/float.sty
Package: float 2001/11/08 v1.3d Float enhancements (AL)
\c@float@type=\count93
\float@exts=\toks17
\float@box=\box26
\@float@everytoks=\toks18
\@floatcapt=\box27
)
(/usr/share/texlive/texmf-dist/tex/latex/graphics/graphicx.sty
Package: graphicx 2017/06/01 v1.1a Enhanced LaTeX Graphics (DPC,SPQR)

(/usr/share/texlive/texmf-dist/tex/latex/graphics/graphics.sty
Package: graphics 2017/06/25 v1.2c Standard LaTeX Graphics (DPC,SPQR)

(/usr/share/texlive/texmf-dist/tex/latex/graphics/trig.sty
Package: trig 2016/01/03 v1.10 sin cos tan (DPC)
)
(/usr/share/texlive/texmf-dist/tex/latex/graphics-cfg/graphics.cfg
File: graphics.cfg 2016/06/04 v1.11 sample graphics configuration
)
Package graphics Info: Driver file: pdftex.def on input line 99.

(/usr/share/texlive/texmf-dist/tex/latex/graphics-def/pdftex.def
File: pdftex.def 2018/01/08 v1.0l Graphics/color driver for pdftex
))
\Gin@req@height=\dimen118
\Gin@req@width=\dimen119
)
(/usr/share/texlive/texmf-dist/tex/latex/setspace/setspace.sty
Package: setspace 2011/12/19 v6.7a set line spacing
)
(/usr/share/texlive/texmf-dist/tex/latex/url/url.sty
\Urlmuskip=\muskip10
Package: url 2013/09/16  ver 3.4  Verb mode for urls, etc.
)
\acs@author@cnt=\count94
\acs@affil@cnt=\count95
\acs@affil@alt@cnt=\count96
\acs@footnote@cnt=\count97
\acs@affil@marker@cnt=\count98
\acs@space@pre@title=\skip43
\acs@space@post@title=\skip44
\acs@space@post@author=\skip45
\acs@space@post@address=\skip46
\acs@space@post@email=\skip47
\acs@maketitle@width=\skip48
\@float@every@scheme=\toks19
\c@scheme=\count99
\@float@every@chart=\toks20
\c@chart=\count100
\@float@every@graph=\toks21
\c@graph=\count101
\@float@every@table=\toks22
\acs@collect@toks=\toks23
\acs@collect@empty@toks=\toks24
\acs@tocentry@height=\skip49
\acs@tocentry@width=\skip50

(/usr/share/texlive/texmf-dist/tex/latex/achemso/achemso-jctcce.cfg
File: achemso-jctcce.cfg 2018/02/05 v3.11a achemso configuration: J. Chem. Theo
ry Comput.
)
(/usr/share/texlive/texmf-dist/tex/latex/natbib/natbib.sty
Package: natbib 2010/09/13 8.31b (PWD, AO)
\bibhang=\skip51
\bibsep=\skip52
LaTeX Info: Redefining \cite on input line 694.
\c@NAT@ctr=\count102
) (./natmove.sty
Package: natmove 2010/01/15 v1.1a Automatic citation moving with natbib
)
(/usr/share/texlive/texmf-dist/tex/latex/mciteplus/mciteplus.sty
Package: mciteplus 2013/09/13 v1.2 enhanced mcite
\@mcitetmptoksA=\toks25
\@mcitetmpdima=\dimen120
\@mcitetmpdimb=\dimen121
\@mcitetmpcnta=\count103
\@mcitetmpcntb=\count104
\c@mcitebibitemcount=\count105
\c@mcitesubitemcount=\count106

** mciteplus: Detected natbib.sty. Invoking hooks.
)) (/usr/share/texlive/texmf-dist/tex/latex/mhchem/mhchem.sty
Package: mhchem 2017/07/24 v4.07 for typesetting chemical formulae

(/usr/share/texlive/texmf-dist/tex/latex/l3kernel/expl3.sty
Package: expl3 2018/02/21 L3 programming layer (loader) 

(/usr/share/texlive/texmf-dist/tex/latex/l3kernel/expl3-code.tex
Package: expl3 2018/02/21 L3 programming layer (code)
\c_max_int=\count107
\l_tmpa_int=\count108
\l_tmpb_int=\count109
\g_tmpa_int=\count110
\g_tmpb_int=\count111
\g__intarray_font_int=\count112
\g__prg_map_int=\count113
\c_log_iow=\count114
\l_iow_line_count_int=\count115
\l__iow_line_target_int=\count116
\l__iow_one_indent_int=\count117
\l__iow_indent_int=\count118
\c_zero_dim=\dimen122
\c_max_dim=\dimen123
\l_tmpa_dim=\dimen124
\l_tmpb_dim=\dimen125
\g_tmpa_dim=\dimen126
\g_tmpb_dim=\dimen127
\c_zero_skip=\skip53
\c_max_skip=\skip54
\l_tmpa_skip=\skip55
\l_tmpb_skip=\skip56
\g_tmpa_skip=\skip57
\g_tmpb_skip=\skip58
\c_zero_muskip=\muskip11
\c_max_muskip=\muskip12
\l_tmpa_muskip=\muskip13
\l_tmpb_muskip=\muskip14
\g_tmpa_muskip=\muskip15
\g_tmpb_muskip=\muskip16
\l_keys_choice_int=\count119
\c__fp_leading_shift_int=\count120
\c__fp_middle_shift_int=\count121
\c__fp_trailing_shift_int=\count122
\c__fp_big_leading_shift_int=\count123
\c__fp_big_middle_shift_int=\count124
\c__fp_big_trailing_shift_int=\count125
\c__fp_Bigg_leading_shift_int=\count126
\c__fp_Bigg_middle_shift_int=\count127
\c__fp_Bigg_trailing_shift_int=\count128
\c__fp_rand_size_int=\count129
\c__fp_rand_four_int=\count130
\c__fp_rand_eight_int=\count131
\l__sort_length_int=\count132
\l__sort_min_int=\count133
\l__sort_top_int=\count134
\l__sort_max_int=\count135
\l__sort_true_max_int=\count136
\l__sort_block_int=\count137
\l__sort_begin_int=\count138
\l__sort_end_int=\count139
\l__sort_A_int=\count140
\l__sort_B_int=\count141
\l__sort_C_int=\count142
\l__tl_build_start_index_int=\count143
\l__tl_build_index_int=\count144
\l__tl_analysis_normal_int=\count145
\l__tl_analysis_index_int=\count146
\l__tl_analysis_nesting_int=\count147
\l__tl_analysis_type_int=\count148
\l__regex_internal_a_int=\count149
\l__regex_internal_b_int=\count150
\l__regex_internal_c_int=\count151
\l__regex_balance_int=\count152
\l__regex_group_level_int=\count153
\l__regex_mode_int=\count154
\c__regex_cs_in_class_mode_int=\count155
\c__regex_cs_mode_int=\count156
\l__regex_catcodes_int=\count157
\l__regex_default_catcodes_int=\count158
\c__regex_catcode_D_int=\count159
\c__regex_catcode_S_int=\count160
\c__regex_catcode_L_int=\count161
\c__regex_catcode_O_int=\count162
\c__regex_catcode_A_int=\count163
\c__regex_all_catcodes_int=\count164
\l__regex_show_lines_int=\count165
\l__regex_min_state_int=\count166
\l__regex_max_state_int=\count167
\l__regex_left_state_int=\count168
\l__regex_right_state_int=\count169
\l__regex_capturing_group_int=\count170
\l__regex_min_pos_int=\count171
\l__regex_max_pos_int=\count172
\l__regex_curr_pos_int=\count173
\l__regex_start_pos_int=\count174
\l__regex_success_pos_int=\count175
\l__regex_curr_char_int=\count176
\l__regex_curr_catcode_int=\count177
\l__regex_last_char_int=\count178
\l__regex_case_changed_char_int=\count179
\l__regex_curr_state_int=\count180
\l__regex_step_int=\count181
\l__regex_min_active_int=\count182
\l__regex_max_active_int=\count183
\l__regex_replacement_csnames_int=\count184
\l__regex_match_count_int=\count185
\l__regex_min_submatch_int=\count186
\l__regex_submatch_int=\count187
\l__regex_zeroth_submatch_int=\count188
\g__regex_trace_regex_int=\count189
\c_empty_box=\box28
\l_tmpa_box=\box29
\l_tmpb_box=\box30
\g_tmpa_box=\box31
\g_tmpb_box=\box32
\l__box_top_dim=\dimen128
\l__box_bottom_dim=\dimen129
\l__box_left_dim=\dimen130
\l__box_right_dim=\dimen131
\l__box_top_new_dim=\dimen132
\l__box_bottom_new_dim=\dimen133
\l__box_left_new_dim=\dimen134
\l__box_right_new_dim=\dimen135
\l__box_internal_box=\box33
\l__coffin_internal_box=\box34
\l__coffin_internal_dim=\dimen136
\l__coffin_offset_x_dim=\dimen137
\l__coffin_offset_y_dim=\dimen138
\l__coffin_x_dim=\dimen139
\l__coffin_y_dim=\dimen140
\l__coffin_x_prime_dim=\dimen141
\l__coffin_y_prime_dim=\dimen142
\c_empty_coffin=\box35
\l__coffin_aligned_coffin=\box36
\l__coffin_aligned_internal_coffin=\box37
\l_tmpa_coffin=\box38
\l_tmpb_coffin=\box39
\l__coffin_display_coffin=\box40
\l__coffin_display_coord_coffin=\box41
\l__coffin_display_pole_coffin=\box42
\l__coffin_display_offset_dim=\dimen143
\l__coffin_display_x_dim=\dimen144
\l__coffin_display_y_dim=\dimen145
\l__coffin_bounding_shift_dim=\dimen146
\l__coffin_left_corner_dim=\dimen147
\l__coffin_right_corner_dim=\dimen148
\l__coffin_bottom_corner_dim=\dimen149
\l__coffin_top_corner_dim=\dimen150
\l__coffin_scaled_total_height_dim=\dimen151
\l__coffin_scaled_width_dim=\dimen152
)
(/usr/share/texlive/texmf-dist/tex/latex/l3kernel/l3pdfmode.def
File: l3pdfmode.def 2017/03/18 v L3 Experimental driver: PDF mode
\l__driver_color_stack_int=\count190
\l__driver_tmp_box=\box43
))
(/usr/share/texlive/texmf-dist/tex/latex/l3packages/l3keys2e/l3keys2e.sty
Package: l3keys2e 2018/02/21 LaTeX2e option processing using LaTeX3 keys
)
(/usr/share/texlive/texmf-dist/tex/latex/tools/calc.sty
Package: calc 2014/10/28 v4.3 Infix arithmetic (KKT,FJ)
\calc@Acount=\count191
\calc@Bcount=\count192
\calc@Adimen=\dimen153
\calc@Bdimen=\dimen154
\calc@Askip=\skip59
\calc@Bskip=\skip60
LaTeX Info: Redefining \setlength on input line 80.
LaTeX Info: Redefining \addtolength on input line 81.
\calc@Ccount=\count193
\calc@Cskip=\skip61
)
(/usr/share/texlive/texmf-dist/tex/latex/amsmath/amsmath.sty
Package: amsmath 2017/09/02 v2.17a AMS math features
\@mathmargin=\skip62

For additional information on amsmath, use the `?' option.
(/usr/share/texlive/texmf-dist/tex/latex/amsmath/amstext.sty
Package: amstext 2000/06/29 v2.01 AMS text

(/usr/share/texlive/texmf-dist/tex/latex/amsmath/amsgen.sty
File: amsgen.sty 1999/11/30 v2.0 generic functions
\@emptytoks=\toks26
\ex@=\dimen155
))
(/usr/share/texlive/texmf-dist/tex/latex/amsmath/amsbsy.sty
Package: amsbsy 1999/11/29 v1.2d Bold Symbols
\pmbraise@=\dimen156
)
(/usr/share/texlive/texmf-dist/tex/latex/amsmath/amsopn.sty
Package: amsopn 2016/03/08 v2.02 operator names
)
\inf@bad=\count194
LaTeX Info: Redefining \frac on input line 213.
\uproot@=\count195
\leftroot@=\count196
LaTeX Info: Redefining \overline on input line 375.
\classnum@=\count197
\DOTSCASE@=\count198
LaTeX Info: Redefining \ldots on input line 472.
LaTeX Info: Redefining \dots on input line 475.
LaTeX Info: Redefining \cdots on input line 596.
\Mathstrutbox@=\box44
\strutbox@=\box45
\big@size=\dimen157
LaTeX Font Info:    Redeclaring font encoding OML on input line 712.
LaTeX Font Info:    Redeclaring font encoding OMS on input line 713.
\macc@depth=\count199
\c@MaxMatrixCols=\count266
\dotsspace@=\muskip17
\c@parentequation=\count267
\dspbrk@lvl=\count268
\tag@help=\toks27
\row@=\count269
\column@=\count270
\maxfields@=\count271
\andhelp@=\toks28
\eqnshift@=\dimen158
\alignsep@=\dimen159
\tagshift@=\dimen160
\tagwidth@=\dimen161
\totwidth@=\dimen162
\lineht@=\dimen163
\@envbody=\toks29
\multlinegap=\skip63
\multlinetaggap=\skip64
\mathdisplay@stack=\toks30
LaTeX Info: Redefining \[ on input line 2817.
LaTeX Info: Redefining \] on input line 2818.
)
(/usr/share/texlive/texmf-dist/tex/latex/chemgreek/chemgreek.sty
(/usr/share/texlive/texmf-dist/tex/latex/l3packages/xparse/xparse.sty
Package: xparse 2018/02/21 L3 Experimental document command parser
\l__xparse_current_arg_int=\count272
\g__xparse_grabber_int=\count273
\l__xparse_m_args_int=\count274
\l__xparse_mandatory_args_int=\count275
\l__xparse_v_nesting_int=\count276
)
Package: chemgreek 2016/12/20 v1.1 interfaceforuprightgreeklettersforuseinchemi
stry (CN)
\l__chemgreek_tmpa_int=\count277
\g__chemgreek_tmpa_int=\count278
.................................................
. LaTeX info: "xparse/define-command"
. 
. Defining command \newchemgreekmapping with sig. 'O{}mm' on line 336.
.................................................
.................................................
. LaTeX info: "xparse/define-command"
. 
. Defining command \renewchemgreekmapping with sig. 'O{}mm' on line 339.
.................................................
.................................................
. LaTeX info: "xparse/define-command"
. 
. Defining command \declarechemgreekmapping with sig. 'O{}mm' on line 342.
.................................................
.................................................
. LaTeX info: "xparse/define-command"
. 
. Defining command \newchemgreekmappingalias with sig. 'mm' on line 347.
.................................................
.................................................
. LaTeX info: "xparse/define-command"
. 
. Defining command \renewchemgreekmappingalias with sig. 'mm' on line 350.
.................................................
.................................................
. LaTeX info: "xparse/define-command"
. 
. Defining command \declarechemgreekmappingalias with sig. 'mm' on line 353.
.................................................
.................................................
. LaTeX info: "xparse/define-command"
. 
. Defining command \changechemgreeksymbol with sig. 'mmmm' on line 383.
.................................................
.................................................
. LaTeX info: "xparse/define-command"
. 
. Defining command \chemgreekmappingsymbol with sig. 'mm' on line 477.
.................................................
.................................................
. LaTeX info: "xparse/define-command"
. 
. Defining command \activatechemgreekmapping with sig. 'sm' on line 486.
.................................................
.................................................
. LaTeX info: "xparse/define-command"
. 
. Defining command \selectchemgreekmapping with sig. 'm' on line 491.
.................................................
)
\l__mhchem_ce_distanceFromLastComma_int=\count279
\__mhchem_arrow_extPgfLength_skip=\skip65
\mhchem@minispace@tmp=\skip66
\mhchem@minibackspace@tmp=\skip67
\mhchem@bondwidth=\skip68
\mhchem@bondheight=\skip69
\mhchem@smallbondwidth@tmpA=\skip70
\mhchem@smallbondwidth@tmpB=\skip71
\mhchem@smallbondwidth=\skip72
\mhchem@bondtmp@minussidebearingleft=\skip73
\mhchem@bondtmp@minussidebearingright=\skip74
\l__mhchem_option_version_int=\count280
\mhchem@option@minusmathsidebearingleft=\dimen164
\mhchem@option@minusmathsidebearingright=\dimen165
\mhchem@option@minustextsidebearingleft=\dimen166
\mhchem@option@minustextsidebearingright=\dimen167
)
(/usr/share/texlive/texmf-dist/tex/latex/braket/braket.sty)
(/usr/share/texlive/texmf-dist/tex/latex/graphics/color.sty
Package: color 2016/07/10 v1.1e Standard LaTeX Color (DPC)

(/usr/share/texlive/texmf-dist/tex/latex/graphics-cfg/color.cfg
File: color.cfg 2016/01/02 v1.6 sample color configuration
)
Package color Info: Driver file: pdftex.def on input line 147.
)
(/usr/share/texlive/texmf-dist/tex/latex/tools/xr.sty
Package: xr 1994/05/28 v5.02 eXternal References (DPC)
)
Package xr Info: IMPORTING LABELS FROM si.aux on input line 22.
 (./fc-cvs-eom_rev.aux)
\openout1 = `fc-cvs-eom_rev.aux'.

LaTeX Font Info:    Checking defaults for OML/cmm/m/it on input line 100.
LaTeX Font Info:    ... okay on input line 100.
LaTeX Font Info:    Checking defaults for T1/cmr/m/n on input line 100.
LaTeX Font Info:    ... okay on input line 100.
LaTeX Font Info:    Checking defaults for OT1/cmr/m/n on input line 100.
LaTeX Font Info:    ... okay on input line 100.
LaTeX Font Info:    Checking defaults for OMS/cmsy/m/n on input line 100.
LaTeX Font Info:    ... okay on input line 100.
LaTeX Font Info:    Checking defaults for OMX/cmex/m/n on input line 100.
LaTeX Font Info:    ... okay on input line 100.
LaTeX Font Info:    Checking defaults for U/cmr/m/n on input line 100.
LaTeX Font Info:    ... okay on input line 100.
\openout3 = `acs-fc-cvs-eom_rev.bib'.


*geometry* driver: auto-detecting
*geometry* detected driver: pdftex
*geometry* verbose mode - [ preamble ] result:
* driver: pdftex
* paper: <default>
* layout: <same size as paper>
* layoutoffset:(h,v)=(0.0pt,0.0pt)
* modes: 
* h-part:(L,W,R)=(72.2698pt, 469.75539pt, 72.2698pt)
* v-part:(T,H,B)=(72.2698pt, 650.43037pt, 72.2698pt)
* \paperwidth=614.295pt
* \paperheight=794.96999pt
* \textwidth=469.75539pt
* \textheight=650.43037pt
* \oddsidemargin=-0.00018pt
* \evensidemargin=-0.00018pt
* \topmargin=-37.00018pt
* \headheight=12.0pt
* \headsep=25.0pt
* \topskip=12.0pt
* \footskip=30.0pt
* \marginparwidth=44.0pt
* \marginparsep=10.0pt
* \columnsep=10.0pt
* \skip\footins=10.8pt plus 4.0pt minus 2.0pt
* \hoffset=0.0pt
* \voffset=0.0pt
* \mag=1000
* \@twocolumnfalse
* \@twosidefalse
* \@mparswitchfalse
* \@reversemarginfalse
* (1in=72.27pt=25.4mm, 1cm=28.453pt)

Package caption Info: Begin \AtBeginDocument code.
Package caption Info: float package is loaded.
Package caption Info: End \AtBeginDocument code.
(/usr/share/texlive/texmf-dist/tex/context/base/mkii/supp-pdf.mkii
[Loading MPS to PDF converter (version 2006.09.02).]
\scratchcounter=\count281
\scratchdimen=\dimen168
\scratchbox=\box46
\nofMPsegments=\count282
\nofMParguments=\count283
\everyMPshowfont=\toks31
\MPscratchCnt=\count284
\MPscratchDim=\dimen169
\MPnumerator=\count285
\makeMPintoPDFobject=\count286
\everyMPtoPDFconversion=\toks32
) (/usr/share/texlive/texmf-dist/tex/latex/oberdiek/epstopdf-base.sty
Package: epstopdf-base 2016/05/15 v2.6 Base part for package epstopdf

(/usr/share/texlive/texmf-dist/tex/generic/oberdiek/infwarerr.sty
Package: infwarerr 2016/05/16 v1.4 Providing info/warning/error messages (HO)
)
(/usr/share/texlive/texmf-dist/tex/latex/oberdiek/grfext.sty
Package: grfext 2016/05/16 v1.2 Manage graphics extensions (HO)

(/usr/share/texlive/texmf-dist/tex/generic/oberdiek/kvdefinekeys.sty
Package: kvdefinekeys 2016/05/16 v1.4 Define keys (HO)

(/usr/share/texlive/texmf-dist/tex/generic/oberdiek/ltxcmds.sty
Package: ltxcmds 2016/05/16 v1.23 LaTeX kernel commands for general use (HO)
)))
(/usr/share/texlive/texmf-dist/tex/latex/oberdiek/kvoptions.sty
Package: kvoptions 2016/05/16 v3.12 Key value format for package options (HO)

(/usr/share/texlive/texmf-dist/tex/generic/oberdiek/kvsetkeys.sty
Package: kvsetkeys 2016/05/16 v1.17 Key value parser (HO)

(/usr/share/texlive/texmf-dist/tex/generic/oberdiek/etexcmds.sty
Package: etexcmds 2016/05/16 v1.6 Avoid name clashes with e-TeX commands (HO)

(/usr/share/texlive/texmf-dist/tex/generic/oberdiek/ifluatex.sty
Package: ifluatex 2016/05/16 v1.4 Provides the ifluatex switch (HO)
Package ifluatex Info: LuaTeX not detected.
)
Package etexcmds Info: Could not find \expanded.
(etexcmds)             That can mean that you are not using pdfTeX 1.50 or
(etexcmds)             that some package has redefined \expanded.
(etexcmds)             In the latter case, load this package earlier.
)))
(/usr/share/texlive/texmf-dist/tex/generic/oberdiek/pdftexcmds.sty
Package: pdftexcmds 2018/01/21 v0.26 Utility functions of pdfTeX for LuaTeX (HO
)
Package pdftexcmds Info: LuaTeX not detected.
Package pdftexcmds Info: \pdf@primitive is available.
Package pdftexcmds Info: \pdf@ifprimitive is available.
Package pdftexcmds Info: \pdfdraftmode found.
)
Package epstopdf-base Info: Redefining graphics rule for `.eps' on input line 4
38.
Package grfext Info: Graphics extension search list:
(grfext)             [.pdf,.png,.jpg,.mps,.jpeg,.jbig2,.jb2,.PDF,.PNG,.JPG,.JPE
G,.JBIG2,.JB2,.eps]
(grfext)             \AppendGraphicsExtensions on input line 456.

(/usr/share/texlive/texmf-dist/tex/latex/latexconfig/epstopdf-sys.cfg
File: epstopdf-sys.cfg 2010/07/13 v1.3 Configuration of (r)epstopdf for TeX Liv
e
))
.................................................
. chemgreek info: "mapping-activated"
. 
. Activating mapping `default' on line 100.
.................................................

[1

{/var/lib/texmf/fonts/map/pdftex/updmap/pdftex.map}]

Package natbib Warning: Citation `Lamberti:XRay:2016' on page 2 undefined on in
put line 150.


Package natbib Warning: Citation `Mobilio:XRay:2014' on page 2 undefined on inp
ut line 150.


Package natbib Warning: Citation `Bergmann:FEL:17' on page 2 undefined on input
 line 150.


Package natbib Warning: Citation `Mobilio:XRay:2014' on page 2 undefined on inp
ut line 151.


Package natbib Warning: Citation `Lamberti:XRay:2016' on page 2 undefined on in
put line 151.


Package natbib Warning: Citation `Bergmann:FEL:17' on page 2 undefined on input
 line 151.


Package natbib Warning: Citation `Atto:Rev:17' on page 2 undefined on input lin
e 151.


Package natbib Warning: Citation `Norman:ChemRev:18' on page 2 undefined on inp
ut line 151.


Package natbib Warning: Citation `Stohr1992' on page 2 undefined on input line 
153.


Package natbib Warning: Citation `Ahmed:ARPC:16' on page 2 undefined on input l
ine 155.


Package natbib Warning: Citation `Norman:ChemRev:18' on page 2 undefined on inp
ut line 157.


Package natbib Warning: Citation `naturecomm' on page 2 undefined on input line
 157.


Package natbib Warning: Citation `Milne2014' on page 2 undefined on input line 
157.


Package natbib Warning: Citation `kraus2018' on page 2 undefined on input line 
157.


Package natbib Warning: Citation `Besley:CoreDFTPersp:10' on page 2 undefined o
n input line 159.


Package natbib Warning: Citation `Besley:CoreDFTPersp:10' on page 2 undefined o
n input line 162.


Package natbib Warning: Citation `TPDFT' on page 2 undefined on input line 162.



Package natbib Warning: Citation `evangelista2013' on page 2 undefined on input
 line 163.


Package natbib Warning: Citation `derricotte2015simulation' on page 2 undefined
 on input line 163.

[2]

Package natbib Warning: Citation `OlsenText' on page 3 undefined on input line 
167.


Package natbib Warning: Citation `koch1990' on page 3 undefined on input line 1
68.


Package natbib Warning: Citation `Stanton:93:EOMCC' on page 3 undefined on inpu
t line 168.


Package natbib Warning: Citation `Christiansen_IJQC' on page 3 undefined on inp
ut line 168.


Package natbib Warning: Citation `krylov_eom_2008' on page 3 undefined on input
 line 168.


Package natbib Warning: Citation `WF_Properties_Review' on page 3 undefined on 
input line 168.


Package natbib Warning: Citation `CC_EOMCC_Bartlett' on page 3 undefined on inp
ut line 168.


Package natbib Warning: Citation `Christiansen2006' on page 3 undefined on inpu
t line 168.


Package natbib Warning: Citation `Christiansen:EOMRev:11' on page 3 undefined o
n input line 168.


Package natbib Warning: Citation `coriani2012jctc' on page 3 undefined on input
 line 170.


Package natbib Warning: Citation `Peng2015' on page 3 undefined on input line 1
70.


Package natbib Warning: Citation `coriani2012pra' on page 3 undefined on input 
line 170.


Package natbib Warning: Citation `coriani2015jcp' on page 3 undefined on input 
line 170.


Package natbib Warning: Citation `naturecomm' on page 3 undefined on input line
 170.


Package natbib Warning: Citation `Norman:ChemRev:18' on page 3 undefined on inp
ut line 174.


Package natbib Warning: Citation `Krylov:OSRev' on page 3 undefined on input li
ne 175.


Package natbib Warning: Citation `Sadybekov:CoreIE:17' on page 3 undefined on i
nput line 180.


Package natbib Warning: Citation `Kongsted:DECore:18' on page 3 undefined on in
put line 180.


Package natbib Warning: Citation `Reinhardt:CS:1982' on page 3 undefined on inp
ut line 182.


Package natbib Warning: Citation `KrylovResReview' on page 3 undefined on input
 line 182.

[3]

Package natbib Warning: Citation `Emrich:81:EOM1' on page 4 undefined on input 
line 187.


Package natbib Warning: Citation `koch1990' on page 4 undefined on input line 1
87.


Package natbib Warning: Citation `Stanton:93:EOMCC' on page 4 undefined on inpu
t line 187.


Package natbib Warning: Citation `Christiansen2006' on page 4 undefined on inpu
t line 187.


Package natbib Warning: Citation `krylov_eom_2008' on page 4 undefined on input
 line 187.


Package natbib Warning: Citation `Christiansen:EOMRev:11' on page 4 undefined o
n input line 187.


Package natbib Warning: Citation `CC_EOMCC_Bartlett' on page 4 undefined on inp
ut line 187.


Package natbib Warning: Citation `Gill:MOM:08' on page 4 undefined on input lin
e 191.


Package natbib Warning: Citation `Zuev:Solvers:14' on page 4 undefined on input
 line 192.


Package natbib Warning: Citation `Peng2015' on page 4 undefined on input line 1
92.


Package natbib Warning: Citation `Zuev:PYP:10' on page 4 undefined on input lin
e 194.


Package natbib Warning: Citation `Moiseyev:Book:11' on page 4 undefined on inpu
t line 194.


Package natbib Warning: Citation `KrylovResReview' on page 4 undefined on input
 line 197.


Package natbib Warning: Citation `Cederbaum1980' on page 4 undefined on input l
ine 202.


Package natbib Warning: Citation `Cederbaum1980' on page 4 undefined on input l
ine 203.


Package natbib Warning: Citation `wenzel2014' on page 4 undefined on input line
 204.


Package natbib Warning: Citation `wenzel2015' on page 4 undefined on input line
 204.


Package natbib Warning: Citation `coriani2015jcp' on page 4 undefined on input 
line 204.


Package natbib Warning: Citation `Sadybekov:CoreIE:17' on page 4 undefined on i
nput line 206.


Package natbib Warning: Citation `Sadybekov:CoreIE:17' on page 4 undefined on i
nput line 207.


Package natbib Warning: Citation `coriani2015jcp' on page 4 undefined on input 
line 210.


Package natbib Warning: Citation `coriani2012pra' on page 4 undefined on input 
line 210.


Package natbib Warning: Citation `coriani2012jctc' on page 4 undefined on input
 line 210.


Package natbib Warning: Citation `fransson2013jcp' on page 4 undefined on input
 line 210.

[4]

Package natbib Warning: Citation `coriani2015jcp' on page 5 undefined on input 
line 212.


Package natbib Warning: Citation `coriani2015jcp' on page 5 undefined on input 
line 212.


Package natbib Warning: Citation `sekino1984linear' on page 5 undefined on inpu
t line 224.


Package natbib Warning: Citation `Stanton:93:EOMCC' on page 5 undefined on inpu
t line 224.


Package natbib Warning: Citation `CC_EOMCC_Bartlett' on page 5 undefined on inp
ut line 224.


Package natbib Warning: Citation `krylov_eom_2008' on page 5 undefined on input
 line 224.

[5]

Package natbib Warning: Citation `Note-1' on page 6 undefined on input line 232
.

[6]

Package natbib Warning: Citation `krylov_eom_2008' on page 7 undefined on input
 line 257.


Package natbib Warning: Citation `CC_EOMCC_Bartlett' on page 7 undefined on inp
ut line 257.


Package natbib Warning: Citation `sekino1984linear' on page 7 undefined on inpu
t line 262.


Package natbib Warning: Citation `Stanton:93:EOMCC' on page 7 undefined on inpu
t line 262.


Package natbib Warning: Citation `Stanton:94:AnlDer' on page 7 undefined on inp
ut line 270.


Package natbib Warning: Citation `Stanton:EOMRev:03' on page 7 undefined on inp
ut line 270.


Package natbib Warning: Citation `PAP:EOMIP' on page 7 undefined on input line 
270.


Package natbib Warning: Citation `Bivariational_Lowdin' on page 7 undefined on 
input line 280.


Package natbib Warning: Citation `levchenko2004equation' on page 7 undefined on
 input line 280.

[7]

Package natbib Warning: Citation `Stanton:93:EOMCC' on page 8 undefined on inpu
t line 287.


Package natbib Warning: Citation `Davidson' on page 8 undefined on input line 3
36.


Package natbib Warning: Citation `hirao1982generalization' on page 8 undefined 
on input line 336.


Package natbib Warning: Citation `rettrup1982iterative' on page 8 undefined on 
input line 336.

[8]

Package natbib Warning: Citation `koch1990' on page 9 undefined on input line 3
82.


Package natbib Warning: Citation `Stanton:EOMGRAD:93' on page 9 undefined on in
put line 382.


Package natbib Warning: Citation `StantonGauss:EOMgrad:94' on page 9 undefined 
on input line 382.


Package natbib Warning: Citation `Stanton:94:AnlDer' on page 9 undefined on inp
ut line 382.


Package natbib Warning: Citation `sfccsdgrad' on page 9 undefined on input line
 382.


Package natbib Warning: Citation `Nanda:EOMCCpoles:2018' on page 9 undefined on
 input line 382.


Package natbib Warning: Citation `Christiansen_IJQC' on page 9 undefined on inp
ut line 383.

[9]

Package natbib Warning: Citation `Luzanov:TDM-1:76' on page 10 undefined on inp
ut line 385.


Package natbib Warning: Citation `Luzanov:DMRev:12' on page 10 undefined on inp
ut line 385.


Package natbib Warning: Citation `Plasser2012' on page 10 undefined on input li
ne 385.


Package natbib Warning: Citation `Plasser2014' on page 10 undefined on input li
ne 385.


Package natbib Warning: Citation `Plasser2012' on page 10 undefined on input li
ne 394.


Package natbib Warning: Citation `Plasser2014' on page 10 undefined on input li
ne 394.


Package natbib Warning: Citation `Plasser2014:1' on page 10 undefined on input 
line 394.


Package natbib Warning: Citation `Martin2003' on page 10 undefined on input lin
e 395.


Package natbib Warning: Citation `Plasser2012' on page 10 undefined on input li
ne 395.


Package natbib Warning: Citation `Plasser2014' on page 10 undefined on input li
ne 395.


Package natbib Warning: Citation `Plasser2014:1' on page 10 undefined on input 
line 395.


Package natbib Warning: Citation `Bappler2014' on page 10 undefined on input li
ne 395.


Package natbib Warning: Citation `Mewes2018' on page 10 undefined on input line
 395.


Package natbib Warning: Citation `Norman:ChemRev:18' on page 10 undefined on in
put line 407.


Package natbib Warning: Citation `coriani2015jcp' on page 10 undefined on input
 line 410.

[10]

Package natbib Warning: Citation `Cederbaum1980' on page 11 undefined on input 
line 412.


Package natbib Warning: Citation `Cederbaum1980' on page 11 undefined on input 
line 412.


Package natbib Warning: Citation `Barth1985' on page 11 undefined on input line
 416.


Package natbib Warning: Citation `Barth1985' on page 11 undefined on input line
 416.


Package natbib Warning: Citation `ADC82' on page 11 undefined on input line 418
.


Package natbib Warning: Citation `Dreuw:ADCrev:2014' on page 11 undefined on in
put line 418.


Package natbib Warning: Citation `Angonoa_CVS' on page 11 undefined on input li
ne 430.


Package natbib Warning: Citation `ADC_ISR_Kshell' on page 11 undefined on input
 line 430.


Package natbib Warning: Citation `Dreuw:ADCrev:2014' on page 11 undefined on in
put line 430.


Package natbib Warning: Citation `wenzel2014' on page 11 undefined on input lin
e 430.


Package natbib Warning: Citation `Dreuw:ADCrev:2014' on page 11 undefined on in
put line 432.


Package natbib Warning: Citation `Purvis_and_Bartlett' on page 11 undefined on 
input line 435.

[11]

Package natbib Warning: Citation `levchenko2004equation' on page 12 undefined o
n input line 448.


Package natbib Warning: Citation `levchenko2005analytic' on page 12 undefined o
n input line 448.


Package natbib Warning: Citation `levchenko2004equation' on page 12 undefined o
n input line 450.

[12] [13]

Package natbib Warning: Citation `Stanton:95:PT-EOMCC' on page 14 undefined on 
input line 539.


Package natbib Warning: Citation `wang:2014:EOMCCSOC' on page 14 undefined on i
nput line 539.

[14]

Package natbib Warning: Citation `qchem_feature' on page 15 undefined on input 
line 623.


Package natbib Warning: Citation `Qchem_MP_paper' on page 15 undefined on input
 line 623.


Package natbib Warning: Citation `libtensor_paper' on page 15 undefined on inpu
t line 624.


Package natbib Warning: Citation `cfour' on page 15 undefined on input line 625
.


Package natbib Warning: Citation `SarahMCD2018' on page 15 undefined on input l
ine 627.


Package natbib Warning: Citation `Santoro2014' on page 15 undefined on input li
ne 627.


Package natbib Warning: Citation `uracil_herbert' on page 15 undefined on input
 line 630.

[15]

Package natbib Warning: Citation `Rydberg_basis' on page 16 undefined on input 
line 639.


Package natbib Warning: Citation `Rydberg_basis' on page 16 undefined on input 
line 639.


Package natbib Warning: Citation `RydbergReview09' on page 16 undefined on inpu
t line 641.


Package natbib Warning: Citation `Mewes2018' on page 16 undefined on input line
 643.


Package natbib Warning: Citation `RydbergReview09' on page 16 undefined on inpu
t line 647.


Package natbib Warning: Citation `nexafs_thymine_adenine' on page 16 undefined 
on input line 650.


Package natbib Warning: Citation `Neon_exp' on page 16 undefined on input line 
651.


Package natbib Warning: Citation `NEXAFS_H2O_NH3_CH4_Exp' on page 16 undefined 
on input line 652.


Package natbib Warning: Citation `NEXAFS_CO_C_Exp' on page 16 undefined on inpu
t line 653.


Package natbib Warning: Citation `NEXAFS_CO_O_Exp' on page 16 undefined on inpu
t line 653.


Package natbib Warning: Citation `NEXAFS_C2H4_CH2CHF_Exp' on page 16 undefined 
on input line 654.


Package natbib Warning: Citation `ozone_nexafs_xps' on page 16 undefined on inp
ut line 654.


Package natbib Warning: Citation `nexafs_cytosine_uracil' on page 16 undefined 
on input line 655.


Package natbib Warning: Citation `WPD' on page 16 undefined on input line 657.


Package natbib Warning: Citation `molden' on page 16 undefined on input line 65
8.

[16]

Package natbib Warning: Citation `Stohr1992' on page 17 undefined on input line
 664.


Package natbib Warning: Citation `coriani2012pra' on page 17 undefined on input
 line 664.


Package natbib Warning: Citation `coriani2012pra' on page 17 undefined on input
 line 668.


Package natbib Warning: Citation `coriani2015jcp' on page 17 undefined on input
 line 668.


Overfull \hbox (27.36476pt too wide) in paragraph at lines 668--669
[]\OT1/cmr/m/n/12 With re-spect to pre-vi-ously re-ported CCSD re-sults$[]$ ob-
tained in the aug-cc-pCVTZ(+Rydberg)
 []

<Spectra/Ne_aCT.pdf, id=69, 462.52798pt x 346.89601pt>
File: Spectra/Ne_aCT.pdf Graphic file (type pdf)
<use Spectra/Ne_aCT.pdf>
Package pdftex.def Info: Spectra/Ne_aCT.pdf  used on input line 671.
(pdftex.def)             Requested size: 422.77698pt x 317.09973pt.

Package natbib Warning: Citation `Neon_exp' on page 17 undefined on input line 
678.


Package natbib Warning: Citation `Neon_exp' on page 17 undefined on input line 
678.

[17] [18 <./Spectra/Ne_aCT.pdf>]

Package natbib Warning: Citation `coriani2015jcp' on page 19 undefined on input
 line 690.


Package natbib Warning: Citation `coriani2012pra' on page 19 undefined on input
 line 690.


Package natbib Warning: Citation `coriani2015jcp' on page 19 undefined on input
 line 691.

<Spectra/H2O.pdf, id=123, 462.52798pt x 346.89601pt>
File: Spectra/H2O.pdf Graphic file (type pdf)
<use Spectra/H2O.pdf>
Package pdftex.def Info: Spectra/H2O.pdf  used on input line 694.
(pdftex.def)             Requested size: 422.77698pt x 317.09973pt.

Package natbib Warning: Citation `NEXAFS_H2O_NH3_CH4_Exp' on page 19 undefined 
on input line 698.


Package natbib Warning: Citation `NEXAFS_H2O_NH3_CH4_Exp' on page 19 undefined 
on input line 698.

[19 <./Spectra/H2O.pdf>]
<Spectra/NH3.pdf, id=176, 462.52798pt x 346.89601pt>
File: Spectra/NH3.pdf Graphic file (type pdf)
<use Spectra/NH3.pdf>
Package pdftex.def Info: Spectra/NH3.pdf  used on input line 710.
(pdftex.def)             Requested size: 469.75539pt x 352.33656pt.


Package natbib Warning: Citation `NEXAFS_H2O_NH3_CH4_Exp' on page 20 undefined 
on input line 716.


Package natbib Warning: Citation `NEXAFS_H2O_NH3_CH4_Exp' on page 20 undefined 
on input line 716.

[20 <./Spectra/NH3.pdf>]
<Spectra/CO_C_1.pdf, id=225, 462.52798pt x 346.89601pt>
File: Spectra/CO_C_1.pdf Graphic file (type pdf)
<use Spectra/CO_C_1.pdf>
Package pdftex.def Info: Spectra/CO_C_1.pdf  used on input line 738.
(pdftex.def)             Requested size: 234.87769pt x 176.15768pt.
<Spectra/CO_O_1.pdf, id=226, 462.52798pt x 346.89601pt>
File: Spectra/CO_O_1.pdf Graphic file (type pdf)
<use Spectra/CO_O_1.pdf>
Package pdftex.def Info: Spectra/CO_O_1.pdf  used on input line 739.
(pdftex.def)             Requested size: 234.87769pt x 176.15768pt.
<Spectra/CO_C_2_newshift.pdf, id=227, 462.52798pt x 346.89601pt>
File: Spectra/CO_C_2_newshift.pdf Graphic file (type pdf)
<use Spectra/CO_C_2_newshift.pdf>
Package pdftex.def Info: Spectra/CO_C_2_newshift.pdf  used on input line 742.
(pdftex.def)             Requested size: 234.87769pt x 176.15768pt.
<Spectra/CO_O_2.pdf, id=228, 462.52798pt x 346.89601pt>
File: Spectra/CO_O_2.pdf Graphic file (type pdf)
<use Spectra/CO_O_2.pdf>
Package pdftex.def Info: Spectra/CO_O_2.pdf  used on input line 743.
(pdftex.def)             Requested size: 234.87769pt x 176.15768pt.
<Spectra/CO_C_2.pdf, id=229, 462.52798pt x 346.89601pt>
File: Spectra/CO_C_2.pdf Graphic file (type pdf)
<use Spectra/CO_C_2.pdf>
Package pdftex.def Info: Spectra/CO_C_2.pdf  used on input line 745.
(pdftex.def)             Requested size: 234.87769pt x 176.15768pt.
<Spectra/CO_O_2_newshift.pdf, id=230, 462.52798pt x 346.89601pt>
File: Spectra/CO_O_2_newshift.pdf Graphic file (type pdf)
<use Spectra/CO_O_2_newshift.pdf>
Package pdftex.def Info: Spectra/CO_O_2_newshift.pdf  used on input line 746.
(pdftex.def)             Requested size: 234.87769pt x 176.15768pt.


Package natbib Warning: Citation `NEXAFS_CO_C_Exp' on page 21 undefined on inpu
t line 762.


Package natbib Warning: Citation `NEXAFS_CO_C_Exp' on page 21 undefined on inpu
t line 762.

[21] [22 <./Spectra/CO_C_1.pdf> <./Spectra/CO_O_1.pdf

pdfTeX warning: pdflatex (file ./Spectra/CO_O_1.pdf): PDF inclusion: multiple p
dfs with page group included in a single page
> <./Spectra/CO_C_2_newshift.pdf

pdfTeX warning: pdflatex (file ./Spectra/CO_C_2_newshift.pdf): PDF inclusion: m
ultiple pdfs with page group included in a single page
> <./Spectra/CO_O_2.pdf

pdfTeX warning: pdflatex (file ./Spectra/CO_O_2.pdf): PDF inclusion: multiple p
dfs with page group included in a single page
> <./Spectra/CO_C_2.pdf

pdfTeX warning: pdflatex (file ./Spectra/CO_C_2.pdf): PDF inclusion: multiple p
dfs with page group included in a single page
> <./Spectra/CO_O_2_newshift.pdf

pdfTeX warning: pdflatex (file ./Spectra/CO_O_2_newshift.pdf): PDF inclusion: m
ultiple pdfs with page group included in a single page
>]

Package natbib Warning: Citation `NEXAFS_C2H4_CH2CHF_Exp' on page 23 undefined 
on input line 769.

<Spectra/C2H4.pdf, id=502, 462.52798pt x 346.89601pt>
File: Spectra/C2H4.pdf Graphic file (type pdf)
<use Spectra/C2H4.pdf>
Package pdftex.def Info: Spectra/C2H4.pdf  used on input line 776.
(pdftex.def)             Requested size: 422.77698pt x 317.09973pt.

Package natbib Warning: Citation `NEXAFS_C2H4_CH2CHF_Exp' on page 23 undefined 
on input line 781.


Package natbib Warning: Citation `NEXAFS_C2H4_CH2CHF_Exp' on page 23 undefined 
on input line 781.


Package natbib Warning: Citation `NEXAFS_C2H4_CH2CHF_Exp' on page 23 undefined 
on input line 789.

[23

 <./Spectra/C2H4.pdf>]

Package natbib Warning: Citation `NEXAFS_C2H4_CH2CHF_Exp' on page 24 undefined 
on input line 797.


Package natbib Warning: Citation `jolly1984core' on page 24 undefined on input 
line 809.

<Spectra/CH2CHF.pdf, id=554, 462.52798pt x 346.89601pt>
File: Spectra/CH2CHF.pdf Graphic file (type pdf)
<use Spectra/CH2CHF.pdf>
Package pdftex.def Info: Spectra/CH2CHF.pdf  used on input line 814.
(pdftex.def)             Requested size: 422.77698pt x 317.09973pt.

Package natbib Warning: Citation `NEXAFS_C2H4_CH2CHF_Exp' on page 24 undefined 
on input line 821.


Package natbib Warning: Citation `NEXAFS_C2H4_CH2CHF_Exp' on page 24 undefined 
on input line 821.

[24]
<NTO/CH2CHF/1h.png, id=558, 803.0pt x 803.0pt>
File: NTO/CH2CHF/1h.png Graphic file (type png)
<use NTO/CH2CHF/1h.png>
Package pdftex.def Info: NTO/CH2CHF/1h.png  used on input line 839.
(pdftex.def)             Requested size: 80.3047pt x 80.3047pt.
<NTO/CH2CHF/1p.png, id=560, 803.0pt x 803.0pt>
File: NTO/CH2CHF/1p.png Graphic file (type png)
<use NTO/CH2CHF/1p.png>
Package pdftex.def Info: NTO/CH2CHF/1p.png  used on input line 844.
(pdftex.def)             Requested size: 80.3047pt x 80.3047pt.
<NTO/CH2CHF/2h.png, id=561, 803.0pt x 803.0pt>
File: NTO/CH2CHF/2h.png Graphic file (type png)
<use NTO/CH2CHF/2h.png>
Package pdftex.def Info: NTO/CH2CHF/2h.png  used on input line 850.
(pdftex.def)             Requested size: 80.3047pt x 80.3047pt.
<NTO/CH2CHF/2p.png, id=562, 803.0pt x 803.0pt>
File: NTO/CH2CHF/2p.png Graphic file (type png)
<use NTO/CH2CHF/2p.png>
Package pdftex.def Info: NTO/CH2CHF/2p.png  used on input line 855.
(pdftex.def)             Requested size: 80.3047pt x 80.3047pt.
<NTO/CH2CHF/4h.png, id=563, 803.0pt x 803.0pt>
File: NTO/CH2CHF/4h.png Graphic file (type png)
<use NTO/CH2CHF/4h.png>
Package pdftex.def Info: NTO/CH2CHF/4h.png  used on input line 861.
(pdftex.def)             Requested size: 80.3047pt x 80.3047pt.
<NTO/CH2CHF/4p.png, id=564, 803.0pt x 803.0pt>
File: NTO/CH2CHF/4p.png Graphic file (type png)
<use NTO/CH2CHF/4p.png>
Package pdftex.def Info: NTO/CH2CHF/4p.png  used on input line 866.
(pdftex.def)             Requested size: 80.3047pt x 80.3047pt.
<NTO/CH2CHF/8h.png, id=565, 803.0pt x 803.0pt>
File: NTO/CH2CHF/8h.png Graphic file (type png)
<use NTO/CH2CHF/8h.png>
Package pdftex.def Info: NTO/CH2CHF/8h.png  used on input line 872.
(pdftex.def)             Requested size: 80.3047pt x 80.3047pt.
<NTO/CH2CHF/8h_019.png, id=566, 803.0pt x 803.0pt>
File: NTO/CH2CHF/8h_019.png Graphic file (type png)
<use NTO/CH2CHF/8h_019.png>
Package pdftex.def Info: NTO/CH2CHF/8h_019.png  used on input line 873.
(pdftex.def)             Requested size: 80.3047pt x 80.3047pt.
<NTO/CH2CHF/8p.png, id=567, 803.0pt x 803.0pt>
File: NTO/CH2CHF/8p.png Graphic file (type png)
<use NTO/CH2CHF/8p.png>
Package pdftex.def Info: NTO/CH2CHF/8p.png  used on input line 886.
(pdftex.def)             Requested size: 80.3047pt x 80.3047pt.
<NTO/CH2CHF/8p_019.png, id=568, 803.0pt x 803.0pt>
File: NTO/CH2CHF/8p_019.png Graphic file (type png)
<use NTO/CH2CHF/8p_019.png>
Package pdftex.def Info: NTO/CH2CHF/8p_019.png  used on input line 887.
(pdftex.def)             Requested size: 80.3047pt x 80.3047pt.
<NTO/CH2CHF/11h.png, id=569, 803.0pt x 803.0pt>
File: NTO/CH2CHF/11h.png Graphic file (type png)
<use NTO/CH2CHF/11h.png>
Package pdftex.def Info: NTO/CH2CHF/11h.png  used on input line 893.
(pdftex.def)             Requested size: 80.3047pt x 80.3047pt.
<NTO/CH2CHF/11p.png, id=570, 803.0pt x 803.0pt>
File: NTO/CH2CHF/11p.png Graphic file (type png)
<use NTO/CH2CHF/11p.png>
Package pdftex.def Info: NTO/CH2CHF/11p.png  used on input line 898.
(pdftex.def)             Requested size: 80.3047pt x 80.3047pt.

Overfull \hbox (1.38066pt too wide) in paragraph at lines 912--956
 [][] 
 []

[25 <./Spectra/CH2CHF.pdf>]
<Spectra/CH2CHF_F.pdf, id=626, 462.52798pt x 346.89601pt>
File: Spectra/CH2CHF_F.pdf Graphic file (type pdf)
<use Spectra/CH2CHF_F.pdf>
Package pdftex.def Info: Spectra/CH2CHF_F.pdf  used on input line 960.
(pdftex.def)             Requested size: 422.77698pt x 317.09973pt.


Package natbib Warning: Citation `NEXAFS_C2H4_CH2CHF_Exp' on page 26 undefined 
on input line 969.


Package natbib Warning: Citation `NEXAFS_C2H4_CH2CHF_Exp' on page 26 undefined 
on input line 969.

[26 <./NTO/CH2CHF/1h.png> <./NTO/CH2CHF/1p.png> <./NTO/CH2CHF/2h.png> <./NTO/CH
2CHF/2p.png> <./NTO/CH2CHF/4h.png> <./NTO/CH2CHF/4p.png> <./NTO/CH2CHF/8h.png> 
<./NTO/CH2CHF/8h_019.png> <./NTO/CH2CHF/8p.png> <./NTO/CH2CHF/8p_019.png> <./NT
O/CH2CHF/11h.png> <./NTO/CH2CHF/11p.png>]
<NTO/CH2CHF/CH2CHF_F_1h.png, id=642, 803.0pt x 803.0pt>
File: NTO/CH2CHF/CH2CHF_F_1h.png Graphic file (type png)
<use NTO/CH2CHF/CH2CHF_F_1h.png>
Package pdftex.def Info: NTO/CH2CHF/CH2CHF_F_1h.png  used on input line 988.
(pdftex.def)             Requested size: 80.3047pt x 80.3047pt.
<NTO/CH2CHF/CH2CHF_F_1p.png, id=643, 803.0pt x 803.0pt>
File: NTO/CH2CHF/CH2CHF_F_1p.png Graphic file (type png)
<use NTO/CH2CHF/CH2CHF_F_1p.png>
Package pdftex.def Info: NTO/CH2CHF/CH2CHF_F_1p.png  used on input line 993.
(pdftex.def)             Requested size: 80.3047pt x 80.3047pt.
<NTO/CH2CHF/CH2CHF_F_2h.png, id=644, 803.0pt x 803.0pt>
File: NTO/CH2CHF/CH2CHF_F_2h.png Graphic file (type png)
<use NTO/CH2CHF/CH2CHF_F_2h.png>
Package pdftex.def Info: NTO/CH2CHF/CH2CHF_F_2h.png  used on input line 999.
(pdftex.def)             Requested size: 80.3047pt x 80.3047pt.
<NTO/CH2CHF/CH2CHF_F_2p.png, id=645, 803.0pt x 803.0pt>
File: NTO/CH2CHF/CH2CHF_F_2p.png Graphic file (type png)
<use NTO/CH2CHF/CH2CHF_F_2p.png>
Package pdftex.def Info: NTO/CH2CHF/CH2CHF_F_2p.png  used on input line 1004.
(pdftex.def)             Requested size: 80.3047pt x 80.3047pt.
<NTO/CH2CHF/CH2CHF_F_3h.png, id=646, 803.0pt x 803.0pt>
File: NTO/CH2CHF/CH2CHF_F_3h.png Graphic file (type png)
<use NTO/CH2CHF/CH2CHF_F_3h.png>
Package pdftex.def Info: NTO/CH2CHF/CH2CHF_F_3h.png  used on input line 1010.
(pdftex.def)             Requested size: 80.3047pt x 80.3047pt.
Missing character: There is no Â in font cmr12!
Missing character: There is no · in font cmr12!
<NTO/CH2CHF/CH2CHF_F_3p.png, id=647, 803.0pt x 803.0pt>
File: NTO/CH2CHF/CH2CHF_F_3p.png Graphic file (type png)
<use NTO/CH2CHF/CH2CHF_F_3p.png>
Package pdftex.def Info: NTO/CH2CHF/CH2CHF_F_3p.png  used on input line 1015.
(pdftex.def)             Requested size: 80.3047pt x 80.3047pt.
 [27 <./Spectra/CH2CHF_F.pdf>]
[28 <./NTO/CH2CHF/CH2CHF_F_1h.png> <./NTO/CH2CHF/CH2CHF_F_1p.png> <./NTO/CH2CHF
/CH2CHF_F_2h.png> <./NTO/CH2CHF/CH2CHF_F_2p.png> <./NTO/CH2CHF/CH2CHF_F_3h.png>
 <./NTO/CH2CHF/CH2CHF_F_3p.png>]

Package natbib Warning: Citation `ozone_nexafs_xps' on page 29 undefined on inp
ut line 1025.


Package natbib Warning: Citation `ozone_nexafs_xps' on page 29 undefined on inp
ut line 1027.


Package natbib Warning: Citation `ozone_nexafs_xps' on page 29 undefined on inp
ut line 1029.

<Spectra/O3.pdf, id=710, 462.52798pt x 346.89601pt>
File: Spectra/O3.pdf Graphic file (type pdf)
<use Spectra/O3.pdf>
Package pdftex.def Info: Spectra/O3.pdf  used on input line 1033.
(pdftex.def)             Requested size: 469.75539pt x 352.33656pt.

Package natbib Warning: Citation `ozone_nexafs_xps' on page 29 undefined on inp
ut line 1034.


Package natbib Warning: Citation `ozone_nexafs_xps' on page 29 undefined on inp
ut line 1034.

<NTO/O3/1h.png, id=711, 803.0pt x 803.0pt>
File: NTO/O3/1h.png Graphic file (type png)
<use NTO/O3/1h.png>
Package pdftex.def Info: NTO/O3/1h.png  used on input line 1052.
(pdftex.def)             Requested size: 80.3047pt x 80.3047pt.
<NTO/O3/1p.png, id=712, 803.0pt x 803.0pt>
File: NTO/O3/1p.png Graphic file (type png)
<use NTO/O3/1p.png>
Package pdftex.def Info: NTO/O3/1p.png  used on input line 1058.
(pdftex.def)             Requested size: 80.3047pt x 80.3047pt.
<NTO/O3/2h.png, id=713, 803.0pt x 803.0pt>
File: NTO/O3/2h.png Graphic file (type png)
<use NTO/O3/2h.png>
Package pdftex.def Info: NTO/O3/2h.png  used on input line 1064.
(pdftex.def)             Requested size: 80.3047pt x 80.3047pt.
<NTO/O3/2p.png, id=714, 803.0pt x 803.0pt>
File: NTO/O3/2p.png Graphic file (type png)
<use NTO/O3/2p.png>
Package pdftex.def Info: NTO/O3/2p.png  used on input line 1070.
(pdftex.def)             Requested size: 80.3047pt x 80.3047pt.
<NTO/O3/3h_063.png, id=715, 803.0pt x 803.0pt>
File: NTO/O3/3h_063.png Graphic file (type png)
<use NTO/O3/3h_063.png>
Package pdftex.def Info: NTO/O3/3h_063.png  used on input line 1076.
(pdftex.def)             Requested size: 80.3047pt x 80.3047pt.
<NTO/O3/3h_019.png, id=716, 803.0pt x 803.0pt>
File: NTO/O3/3h_019.png Graphic file (type png)
<use NTO/O3/3h_019.png>
Package pdftex.def Info: NTO/O3/3h_019.png  used on input line 1077.
(pdftex.def)             Requested size: 80.3047pt x 80.3047pt.
<NTO/O3/3p_063.png, id=717, 803.0pt x 803.0pt>
File: NTO/O3/3p_063.png Graphic file (type png)
<use NTO/O3/3p_063.png>
Package pdftex.def Info: NTO/O3/3p_063.png  used on input line 1090.
(pdftex.def)             Requested size: 80.3047pt x 80.3047pt.
<NTO/O3/3p_019.png, id=718, 803.0pt x 803.0pt>
File: NTO/O3/3p_019.png Graphic file (type png)
<use NTO/O3/3p_019.png>
Package pdftex.def Info: NTO/O3/3p_019.png  used on input line 1091.
(pdftex.def)             Requested size: 80.3047pt x 80.3047pt.
[29

 <./Spectra/O3.pdf>]

Package natbib Warning: Citation `nexafs_thymine_adenine' on page 30 undefined 
on input line 1100.


Package natbib Warning: Citation `nexafs_thymine_adenine' on page 30 undefined 
on input line 1100.

[30 <./NTO/O3/1h.png> <./NTO/O3/1p.png> <./NTO/O3/2h.png> <./NTO/O3/2p.png> <./
NTO/O3/3h_063.png> <./NTO/O3/3h_019.png> <./NTO/O3/3p_063.png> <./NTO/O3/3p_019
.png>]
<Spectra/Adenine_C.pdf, id=783, 462.52798pt x 346.89601pt>
File: Spectra/Adenine_C.pdf Graphic file (type pdf)
<use Spectra/Adenine_C.pdf>
Package pdftex.def Info: Spectra/Adenine_C.pdf  used on input line 1116.
(pdftex.def)             Requested size: 352.31653pt x 264.25241pt.
<Spectra/Adenine_N.pdf, id=784, 462.52798pt x 346.89601pt>
File: Spectra/Adenine_N.pdf Graphic file (type pdf)
<use Spectra/Adenine_N.pdf>
Package pdftex.def Info: Spectra/Adenine_N.pdf  used on input line 1117.
(pdftex.def)             Requested size: 352.31653pt x 264.25241pt.


Package natbib Warning: Citation `nexafs_thymine_adenine' on page 31 undefined 
on input line 1123.


Package natbib Warning: Citation `nexafs_thymine_adenine' on page 31 undefined 
on input line 1123.

[31]
Overfull \vbox (19.57443pt too high) has occurred while \output is active []


[32 <./Spectra/Adenine_C.pdf> <./Spectra/Adenine_N.pdf

pdfTeX warning: pdflatex (file ./Spectra/Adenine_N.pdf): PDF inclusion: multipl
e pdfs with page group included in a single page
>]
<NTO/Adenine_C/1h_C1.png, id=880, 803.0pt x 803.0pt>
File: NTO/Adenine_C/1h_C1.png Graphic file (type png)
<use NTO/Adenine_C/1h_C1.png>
Package pdftex.def Info: NTO/Adenine_C/1h_C1.png  used on input line 1140.
(pdftex.def)             Requested size: 80.3047pt x 80.3047pt.
<NTO/Adenine_C/1p_C1.png, id=881, 803.0pt x 803.0pt>
File: NTO/Adenine_C/1p_C1.png Graphic file (type png)
<use NTO/Adenine_C/1p_C1.png>
Package pdftex.def Info: NTO/Adenine_C/1p_C1.png  used on input line 1145.
(pdftex.def)             Requested size: 80.3047pt x 80.3047pt.
<NTO/Adenine_C/1h_Cs.png, id=882, 803.0pt x 803.0pt>
File: NTO/Adenine_C/1h_Cs.png Graphic file (type png)
<use NTO/Adenine_C/1h_Cs.png>
Package pdftex.def Info: NTO/Adenine_C/1h_Cs.png  used on input line 1150.
(pdftex.def)             Requested size: 80.3047pt x 80.3047pt.
<NTO/Adenine_C/1p_Cs.png, id=883, 803.0pt x 803.0pt>
File: NTO/Adenine_C/1p_Cs.png Graphic file (type png)
<use NTO/Adenine_C/1p_Cs.png>
Package pdftex.def Info: NTO/Adenine_C/1p_Cs.png  used on input line 1156.
(pdftex.def)             Requested size: 80.3047pt x 80.3047pt.
<NTO/Adenine_C/2h_C1.png, id=884, 803.0pt x 803.0pt>
File: NTO/Adenine_C/2h_C1.png Graphic file (type png)
<use NTO/Adenine_C/2h_C1.png>
Package pdftex.def Info: NTO/Adenine_C/2h_C1.png  used on input line 1162.
(pdftex.def)             Requested size: 80.3047pt x 80.3047pt.
<NTO/Adenine_C/2p_C1.png, id=885, 803.0pt x 803.0pt>
File: NTO/Adenine_C/2p_C1.png Graphic file (type png)
<use NTO/Adenine_C/2p_C1.png>
Package pdftex.def Info: NTO/Adenine_C/2p_C1.png  used on input line 1167.
(pdftex.def)             Requested size: 80.3047pt x 80.3047pt.
<NTO/Adenine_C/2h_Cs.png, id=886, 803.0pt x 803.0pt>
File: NTO/Adenine_C/2h_Cs.png Graphic file (type png)
<use NTO/Adenine_C/2h_Cs.png>
Package pdftex.def Info: NTO/Adenine_C/2h_Cs.png  used on input line 1172.
(pdftex.def)             Requested size: 80.3047pt x 80.3047pt.
<NTO/Adenine_C/2p_Cs.png, id=887, 803.0pt x 803.0pt>
File: NTO/Adenine_C/2p_Cs.png Graphic file (type png)
<use NTO/Adenine_C/2p_Cs.png>
Package pdftex.def Info: NTO/Adenine_C/2p_Cs.png  used on input line 1178.
(pdftex.def)             Requested size: 80.3047pt x 80.3047pt.
<NTO/Adenine_C/3h_C1.png, id=888, 803.0pt x 803.0pt>
File: NTO/Adenine_C/3h_C1.png Graphic file (type png)
<use NTO/Adenine_C/3h_C1.png>
Package pdftex.def Info: NTO/Adenine_C/3h_C1.png  used on input line 1184.
(pdftex.def)             Requested size: 80.3047pt x 80.3047pt.
<NTO/Adenine_C/3p_C1.png, id=889, 803.0pt x 803.0pt>
File: NTO/Adenine_C/3p_C1.png Graphic file (type png)
<use NTO/Adenine_C/3p_C1.png>
Package pdftex.def Info: NTO/Adenine_C/3p_C1.png  used on input line 1189.
(pdftex.def)             Requested size: 80.3047pt x 80.3047pt.
<NTO/Adenine_C/3h_Cs.png, id=890, 803.0pt x 803.0pt>
File: NTO/Adenine_C/3h_Cs.png Graphic file (type png)
<use NTO/Adenine_C/3h_Cs.png>
Package pdftex.def Info: NTO/Adenine_C/3h_Cs.png  used on input line 1194.
(pdftex.def)             Requested size: 80.3047pt x 80.3047pt.
<NTO/Adenine_C/3p_Cs.png, id=891, 803.0pt x 803.0pt>
File: NTO/Adenine_C/3p_Cs.png Graphic file (type png)
<use NTO/Adenine_C/3p_Cs.png>
Package pdftex.def Info: NTO/Adenine_C/3p_Cs.png  used on input line 1200.
(pdftex.def)             Requested size: 80.3047pt x 80.3047pt.
<NTO/Adenine_C/5h_C1.png, id=892, 803.0pt x 803.0pt>
File: NTO/Adenine_C/5h_C1.png Graphic file (type png)
<use NTO/Adenine_C/5h_C1.png>
Package pdftex.def Info: NTO/Adenine_C/5h_C1.png  used on input line 1206.
(pdftex.def)             Requested size: 80.3047pt x 80.3047pt.
<NTO/Adenine_C/5p_C1.png, id=893, 803.0pt x 803.0pt>
File: NTO/Adenine_C/5p_C1.png Graphic file (type png)
<use NTO/Adenine_C/5p_C1.png>
Package pdftex.def Info: NTO/Adenine_C/5p_C1.png  used on input line 1211.
(pdftex.def)             Requested size: 80.3047pt x 80.3047pt.
<NTO/Adenine_C/5h_Cs.png, id=894, 803.0pt x 803.0pt>
File: NTO/Adenine_C/5h_Cs.png Graphic file (type png)
<use NTO/Adenine_C/5h_Cs.png>
Package pdftex.def Info: NTO/Adenine_C/5h_Cs.png  used on input line 1216.
(pdftex.def)             Requested size: 80.3047pt x 80.3047pt.
<NTO/Adenine_C/5p_Cs.png, id=895, 803.0pt x 803.0pt>
File: NTO/Adenine_C/5p_Cs.png Graphic file (type png)
<use NTO/Adenine_C/5p_Cs.png>
Package pdftex.def Info: NTO/Adenine_C/5p_Cs.png  used on input line 1222.
(pdftex.def)             Requested size: 80.3047pt x 80.3047pt.
<NTO/Adenine_C/6h_C1.png, id=896, 803.0pt x 803.0pt>
File: NTO/Adenine_C/6h_C1.png Graphic file (type png)
<use NTO/Adenine_C/6h_C1.png>
Package pdftex.def Info: NTO/Adenine_C/6h_C1.png  used on input line 1228.
(pdftex.def)             Requested size: 80.3047pt x 80.3047pt.
<NTO/Adenine_C/6p_C1.png, id=897, 803.0pt x 803.0pt>
File: NTO/Adenine_C/6p_C1.png Graphic file (type png)
<use NTO/Adenine_C/6p_C1.png>
Package pdftex.def Info: NTO/Adenine_C/6p_C1.png  used on input line 1233.
(pdftex.def)             Requested size: 80.3047pt x 80.3047pt.
<NTO/Adenine_C/6h_Cs.png, id=898, 803.0pt x 803.0pt>
File: NTO/Adenine_C/6h_Cs.png Graphic file (type png)
<use NTO/Adenine_C/6h_Cs.png>
Package pdftex.def Info: NTO/Adenine_C/6h_Cs.png  used on input line 1238.
(pdftex.def)             Requested size: 80.3047pt x 80.3047pt.
<NTO/Adenine_C/6p_Cs.png, id=899, 803.0pt x 803.0pt>
File: NTO/Adenine_C/6p_Cs.png Graphic file (type png)
<use NTO/Adenine_C/6p_Cs.png>
Package pdftex.def Info: NTO/Adenine_C/6p_Cs.png  used on input line 1244.
(pdftex.def)             Requested size: 80.3047pt x 80.3047pt.

Overfull \hbox (53.91824pt too wide) in paragraph at lines 1132--1249
 [][] 
 []

<NTO/Adenine_N/1h_C1.png, id=900, 803.0pt x 803.0pt>
File: NTO/Adenine_N/1h_C1.png Graphic file (type png)
<use NTO/Adenine_N/1h_C1.png>
Package pdftex.def Info: NTO/Adenine_N/1h_C1.png  used on input line 1264.
(pdftex.def)             Requested size: 80.3047pt x 80.3047pt.
<NTO/Adenine_N/1p_C1.png, id=901, 803.0pt x 803.0pt>
File: NTO/Adenine_N/1p_C1.png Graphic file (type png)
<use NTO/Adenine_N/1p_C1.png>
Package pdftex.def Info: NTO/Adenine_N/1p_C1.png  used on input line 1269.
(pdftex.def)             Requested size: 80.3047pt x 80.3047pt.
<NTO/Adenine_N/1h_Cs.png, id=902, 803.0pt x 803.0pt>
File: NTO/Adenine_N/1h_Cs.png Graphic file (type png)
<use NTO/Adenine_N/1h_Cs.png>
Package pdftex.def Info: NTO/Adenine_N/1h_Cs.png  used on input line 1274.
(pdftex.def)             Requested size: 80.3047pt x 80.3047pt.
<NTO/Adenine_N/1p_Cs.png, id=903, 803.0pt x 803.0pt>
File: NTO/Adenine_N/1p_Cs.png Graphic file (type png)
<use NTO/Adenine_N/1p_Cs.png>
Package pdftex.def Info: NTO/Adenine_N/1p_Cs.png  used on input line 1279.
(pdftex.def)             Requested size: 80.3047pt x 80.3047pt.
<NTO/Adenine_N/2h_C1.png, id=904, 803.0pt x 803.0pt>
File: NTO/Adenine_N/2h_C1.png Graphic file (type png)
<use NTO/Adenine_N/2h_C1.png>
Package pdftex.def Info: NTO/Adenine_N/2h_C1.png  used on input line 1285.
(pdftex.def)             Requested size: 80.3047pt x 80.3047pt.
<NTO/Adenine_N/2p_C1.png, id=905, 803.0pt x 803.0pt>
File: NTO/Adenine_N/2p_C1.png Graphic file (type png)
<use NTO/Adenine_N/2p_C1.png>
Package pdftex.def Info: NTO/Adenine_N/2p_C1.png  used on input line 1290.
(pdftex.def)             Requested size: 80.3047pt x 80.3047pt.
<NTO/Adenine_N/2h_Cs.png, id=906, 803.0pt x 803.0pt>
File: NTO/Adenine_N/2h_Cs.png Graphic file (type png)
<use NTO/Adenine_N/2h_Cs.png>
Package pdftex.def Info: NTO/Adenine_N/2h_Cs.png  used on input line 1295.
(pdftex.def)             Requested size: 80.3047pt x 80.3047pt.
<NTO/Adenine_N/2p_Cs.png, id=907, 803.0pt x 803.0pt>
File: NTO/Adenine_N/2p_Cs.png Graphic file (type png)
<use NTO/Adenine_N/2p_Cs.png>
Package pdftex.def Info: NTO/Adenine_N/2p_Cs.png  used on input line 1300.
(pdftex.def)             Requested size: 80.3047pt x 80.3047pt.
<NTO/Adenine_N/3h_C1.png, id=908, 803.0pt x 803.0pt>
File: NTO/Adenine_N/3h_C1.png Graphic file (type png)
<use NTO/Adenine_N/3h_C1.png>
Package pdftex.def Info: NTO/Adenine_N/3h_C1.png  used on input line 1306.
(pdftex.def)             Requested size: 80.3047pt x 80.3047pt.
<NTO/Adenine_N/3p_C1.png, id=909, 803.0pt x 803.0pt>
File: NTO/Adenine_N/3p_C1.png Graphic file (type png)
<use NTO/Adenine_N/3p_C1.png>
Package pdftex.def Info: NTO/Adenine_N/3p_C1.png  used on input line 1311.
(pdftex.def)             Requested size: 80.3047pt x 80.3047pt.
<NTO/Adenine_N/3h_Cs.png, id=910, 803.0pt x 803.0pt>
File: NTO/Adenine_N/3h_Cs.png Graphic file (type png)
<use NTO/Adenine_N/3h_Cs.png>
Package pdftex.def Info: NTO/Adenine_N/3h_Cs.png  used on input line 1316.
(pdftex.def)             Requested size: 80.3047pt x 80.3047pt.
<NTO/Adenine_N/3p_Cs.png, id=911, 803.0pt x 803.0pt>
File: NTO/Adenine_N/3p_Cs.png Graphic file (type png)
<use NTO/Adenine_N/3p_Cs.png>
Package pdftex.def Info: NTO/Adenine_N/3p_Cs.png  used on input line 1321.
(pdftex.def)             Requested size: 80.3047pt x 80.3047pt.

Overfull \hbox (53.91824pt too wide) in paragraph at lines 1256--1326
 [][] 
 []

[33 <./NTO/Adenine_C/1h_C1.png> <./NTO/Adenine_C/1p_C1.png> <./NTO/Adenine_C/1h
_Cs.png> <./NTO/Adenine_C/1p_Cs.png> <./NTO/Adenine_C/2h_C1.png> <./NTO/Adenine
_C/2p_C1.png> <./NTO/Adenine_C/2h_Cs.png> <./NTO/Adenine_C/2p_Cs.png> <./NTO/Ad
enine_C/3h_C1.png> <./NTO/Adenine_C/3p_C1.png> <./NTO/Adenine_C/3h_Cs.png> <./N
TO/Adenine_C/3p_Cs.png> <./NTO/Adenine_C/5h_C1.png> <./NTO/Adenine_C/5p_C1.png>
 <./NTO/Adenine_C/5h_Cs.png> <./NTO/Adenine_C/5p_Cs.png> <./NTO/Adenine_C/6h_C1
.png> <./NTO/Adenine_C/6p_C1.png> <./NTO/Adenine_C/6h_Cs.png> <./NTO/Adenine_C/
6p_Cs.png>]

Package natbib Warning: Citation `Milne2014' on page 34 undefined on input line
 1332.


Package natbib Warning: Citation `TransientXAS_H2O' on page 34 undefined on inp
ut line 1332.


Package natbib Warning: Citation `acac_ultrafast_ISC' on page 34 undefined on i
nput line 1332.


Package natbib Warning: Citation `naturecomm' on page 34 undefined on input lin
e 1332.


Package natbib Warning: Citation `coriani2015jcp' on page 34 undefined on input
 line 1334.


Package natbib Warning: Citation `naturecomm' on page 34 undefined on input lin
e 1335.


Package natbib Warning: Citation `Neville_ADC_TRNEXAFS' on page 34 undefined on
 input line 1340.


Package natbib Warning: Citation `Neville_ADC_TRNEXAFS' on page 34 undefined on
 input line 1341.


Package natbib Warning: Citation `Neville_TRXAS' on page 34 undefined on input 
line 1341.


Package natbib Warning: Citation `Neville_TRXAS_at_CI' on page 34 undefined on 
input line 1341.


Package natbib Warning: Citation `acac_ultrafast_ISC' on page 34 undefined on i
nput line 1341.


Package natbib Warning: Citation `acac_ultrafast_ISC' on page 34 undefined on i
nput line 1341.

[34 <./NTO/Adenine_N/1h_C1.png> <./NTO/Adenine_N/1p_C1.png> <./NTO/Adenine_N/1h
_Cs.png> <./NTO/Adenine_N/1p_Cs.png> <./NTO/Adenine_N/2h_C1.png> <./NTO/Adenine
_N/2p_C1.png> <./NTO/Adenine_N/2h_Cs.png> <./NTO/Adenine_N/2p_Cs.png> <./NTO/Ad
enine_N/3h_C1.png> <./NTO/Adenine_N/3p_C1.png> <./NTO/Adenine_N/3h_Cs.png> <./N
TO/Adenine_N/3p_Cs.png>]

Package natbib Warning: Citation `naturecomm' on page 35 undefined on input lin
e 1345.

<NTO/Uracil/S0toS1h.png, id=951, 803.0pt x 803.0pt>
File: NTO/Uracil/S0toS1h.png Graphic file (type png)
<use NTO/Uracil/S0toS1h.png>
Package pdftex.def Info: NTO/Uracil/S0toS1h.png  used on input line 1362.
(pdftex.def)             Requested size: 80.3047pt x 80.3047pt.
<NTO/Uracil/S0toS1p.png, id=952, 803.0pt x 803.0pt>
File: NTO/Uracil/S0toS1p.png Graphic file (type png)
<use NTO/Uracil/S0toS1p.png>
Package pdftex.def Info: NTO/Uracil/S0toS1p.png  used on input line 1367.
(pdftex.def)             Requested size: 80.3047pt x 80.3047pt.
<NTO/Uracil/S0toS2h.png, id=953, 803.0pt x 803.0pt>
File: NTO/Uracil/S0toS2h.png Graphic file (type png)
<use NTO/Uracil/S0toS2h.png>
Package pdftex.def Info: NTO/Uracil/S0toS2h.png  used on input line 1373.
(pdftex.def)             Requested size: 80.3047pt x 80.3047pt.
<NTO/Uracil/S0toS2p.png, id=954, 803.0pt x 803.0pt>
File: NTO/Uracil/S0toS2p.png Graphic file (type png)
<use NTO/Uracil/S0toS2p.png>
Package pdftex.def Info: NTO/Uracil/S0toS2p.png  used on input line 1378.
(pdftex.def)             Requested size: 80.3047pt x 80.3047pt.
<NTO/Uracil/S1toCVSh.png, id=955, 803.0pt x 803.0pt>
File: NTO/Uracil/S1toCVSh.png Graphic file (type png)
<use NTO/Uracil/S1toCVSh.png>
Package pdftex.def Info: NTO/Uracil/S1toCVSh.png  used on input line 1384.
(pdftex.def)             Requested size: 80.3047pt x 80.3047pt.
<NTO/Uracil/S1toCVSp.png, id=956, 803.0pt x 803.0pt>
File: NTO/Uracil/S1toCVSp.png Graphic file (type png)
<use NTO/Uracil/S1toCVSp.png>
Package pdftex.def Info: NTO/Uracil/S1toCVSp.png  used on input line 1389.
(pdftex.def)             Requested size: 80.3047pt x 80.3047pt.

Package natbib Warning: Citation `naturecomm' on page 35 undefined on input lin
e 1398.


Package natbib Warning: Citation `naturecomm' on page 35 undefined on input lin
e 1406.

[35 <./NTO/Uracil/S0toS1h.png> <./NTO/Uracil/S0toS1p.png> <./NTO/Uracil/S0toS2h
.png> <./NTO/Uracil/S0toS2p.png> <./NTO/Uracil/S1toCVSh.png> <./NTO/Uracil/S1to
CVSp.png>]
<Spectra/DFT_Uracil_Sn_O.pdf, id=966, 462.52798pt x 346.89601pt>
File: Spectra/DFT_Uracil_Sn_O.pdf Graphic file (type pdf)
<use Spectra/DFT_Uracil_Sn_O.pdf>
Package pdftex.def Info: Spectra/DFT_Uracil_Sn_O.pdf  used on input line 1424.
(pdftex.def)             Requested size: 375.80574pt x 281.86818pt.


Package natbib Warning: Citation `uracil_herbert' on page 36 undefined on input
 line 1431.


Package natbib Warning: Citation `uracil_herbert' on page 36 undefined on input
 line 1431.


Package natbib Warning: Citation `uracil_herbert' on page 36 undefined on input
 line 1431.


Package natbib Warning: Citation `uracil_herbert' on page 36 undefined on input
 line 1431.

<Spectra/MP2_Uracil_Sn_O.pdf, id=967, 462.52798pt x 346.89601pt>
File: Spectra/MP2_Uracil_Sn_O.pdf Graphic file (type pdf)
<use Spectra/MP2_Uracil_Sn_O.pdf>
Package pdftex.def Info: Spectra/MP2_Uracil_Sn_O.pdf  used on input line 1443.
(pdftex.def)             Requested size: 375.80574pt x 281.86818pt.
[36 <./Spectra/DFT_Uracil_Sn_O.pdf>]

Package natbib Warning: Citation `uracil_herbert' on page 37 undefined on input
 line 1465.


Package natbib Warning: Citation `uracil_herbert' on page 37 undefined on input
 line 1465.

<Spectra/DFT_Uracil_Sn_C_zoom.pdf, id=1014, 462.52798pt x 346.89601pt>
File: Spectra/DFT_Uracil_Sn_C_zoom.pdf Graphic file (type pdf)
<use Spectra/DFT_Uracil_Sn_C_zoom.pdf>
Package pdftex.def Info: Spectra/DFT_Uracil_Sn_C_zoom.pdf  used on input line 1
475.
(pdftex.def)             Requested size: 234.87769pt x 176.15768pt.
<Spectra/MP2_Uracil_Sn_C_zoom.pdf, id=1015, 462.52798pt x 346.89601pt>
File: Spectra/MP2_Uracil_Sn_C_zoom.pdf Graphic file (type pdf)
<use Spectra/MP2_Uracil_Sn_C_zoom.pdf>
Package pdftex.def Info: Spectra/MP2_Uracil_Sn_C_zoom.pdf  used on input line 1
479.
(pdftex.def)             Requested size: 234.87769pt x 176.15768pt.

Overfull \hbox (23.99998pt too wide) in paragraph at lines 1466--1482
 [][] 
 []

[37 <./Spectra/MP2_Uracil_Sn_O.pdf>]

Package natbib Warning: Citation `uracil_herbert' on page 38 undefined on input
 line 1494.


Package natbib Warning: Citation `uracil_herbert' on page 38 undefined on input
 line 1494.


Package natbib Warning: Citation `uracil_herbert' on page 38 undefined on input
 line 1494.


Package natbib Warning: Citation `uracil_herbert' on page 38 undefined on input
 line 1494.

<Spectra/DFT_Uracil_Sn_N_zoom.pdf, id=1063, 462.52798pt x 346.89601pt>
File: Spectra/DFT_Uracil_Sn_N_zoom.pdf Graphic file (type pdf)
<use Spectra/DFT_Uracil_Sn_N_zoom.pdf>
Package pdftex.def Info: Spectra/DFT_Uracil_Sn_N_zoom.pdf  used on input line 1
498.
(pdftex.def)             Requested size: 234.87769pt x 176.15768pt.
<Spectra/MP2_Uracil_Sn_N_zoom.pdf, id=1064, 462.52798pt x 346.89601pt>
File: Spectra/MP2_Uracil_Sn_N_zoom.pdf Graphic file (type pdf)
<use Spectra/MP2_Uracil_Sn_N_zoom.pdf>
Package pdftex.def Info: Spectra/MP2_Uracil_Sn_N_zoom.pdf  used on input line 1
501.
(pdftex.def)             Requested size: 234.87769pt x 176.15768pt.

Overfull \hbox (19.3808pt too wide) in paragraph at lines 1495--1504
 [][] 
 []


Overfull \hbox (3.50359pt too wide) in paragraph at lines 1509--1522
\OT1/cmr/m/n/12 scopies, specif-i-cally near-edge ab-sorp-tion fine struc-ture,
 core-ionization en-er-gies and transient-
 []

[38 <./Spectra/DFT_Uracil_Sn_C_zoom.pdf> <./Spectra/MP2_Uracil_Sn_C_zoom.pdf

pdfTeX warning: pdflatex (file ./Spectra/MP2_Uracil_Sn_C_zoom.pdf): PDF inclusi
on: multiple pdfs with page group included in a single page
> <./Spectra/DFT_Uracil_Sn_N_zoom.pdf

pdfTeX warning: pdflatex (file ./Spectra/DFT_Uracil_Sn_N_zoom.pdf): PDF inclusi
on: multiple pdfs with page group included in a single page
> <./Spectra/MP2_Uracil_Sn_N_zoom.pdf

pdfTeX warning: pdflatex (file ./Spectra/MP2_Uracil_Sn_N_zoom.pdf): PDF inclusi
on: multiple pdfs with page group included in a single page
>]

Package natbib Warning: Citation `coriani2015jcp' on page 39 undefined on input
 line 1524.


Package natbib Warning: Citation `coriani2015jcp' on page 39 undefined on input
 line 1526.


Package natbib Warning: Citation `naturecomm' on page 39 undefined on input lin
e 1529.

[39]
Overfull \hbox (5.6064pt too wide) in paragraph at lines 1532--1535
\OT1/cmr/m/n/12 knowl-edges sup-port from the In-de-pen-dent Re-search Fund Den
-mark -- DFF-Forskningsprojekt2
 []


Overfull \hbox (15.79327pt too wide) in paragraph at lines 1541--1544
\OT1/cmr/m/n/12 tion for-mu-las. This in-for-ma-tion is avail-able free of char
ge via the In-ter-net at http://pubs.acs.org. 
 []

No file fc-cvs-eom_rev.bbl.

Package natbib Warning: There were undefined citations.

[40]

LaTeX Font Warning: Font shape `OT1/cmss/m/it' in size <8> not available
(Font)              Font shape `OT1/cmss/m/sl' tried instead on input line 1570
.


Underfull \vbox (badness 10000) detected at line 1570
 []

[41] (./fc-cvs-eom_rev.aux) ) 
Here is how much of TeX's memory you used:
 14945 strings out of 492982
 286351 string characters out of 6134895
 342257 words of memory out of 5000000
 18311 multiletter control sequences out of 15000+600000
 541544 words of font info for 61 fonts, out of 8000000 for 9000
 1141 hyphenation exceptions out of 8191
 60i,17n,94p,10376b,703s stack positions out of 5000i,500n,10000p,200000b,80000s
</usr/share/texlive/texmf-dist/fonts/type1/public/
amsfonts/cm/cmbx10.pfb></usr/share/texlive/texmf-dist/fonts/type1/public/amsfon
ts/cm/cmbx12.pfb></usr/share/texlive/texmf-dist/fonts/type1/public/amsfonts/cm/
cmbx8.pfb></usr/share/texlive/texmf-dist/fonts/type1/public/amsfonts/cm/cmex10.
pfb></usr/share/texlive/texmf-dist/fonts/type1/public/amsfonts/cm/cmmi10.pfb></
usr/share/texlive/texmf-dist/fonts/type1/public/amsfonts/cm/cmmi12.pfb></usr/sh
are/texlive/texmf-dist/fonts/type1/public/amsfonts/cm/cmmi6.pfb></usr/share/tex
live/texmf-dist/fonts/type1/public/amsfonts/cm/cmmi8.pfb></usr/share/texlive/te
xmf-dist/fonts/type1/public/amsfonts/cm/cmr10.pfb></usr/share/texlive/texmf-dis
t/fonts/type1/public/amsfonts/cm/cmr12.pfb></usr/share/texlive/texmf-dist/fonts
/type1/public/amsfonts/cm/cmr8.pfb></usr/share/texlive/texmf-dist/fonts/type1/p
ublic/amsfonts/cm/cmss10.pfb></usr/share/texlive/texmf-dist/fonts/type1/public/
amsfonts/cm/cmss12.pfb></usr/share/texlive/texmf-dist/fonts/type1/public/amsfon
ts/cm/cmss8.pfb></usr/share/texlive/texmf-dist/fonts/type1/public/amsfonts/cm/c
mssbx10.pfb></usr/share/texlive/texmf-dist/fonts/type1/public/amsfonts/cm/cmssi
8.pfb></usr/share/texlive/texmf-dist/fonts/type1/public/amsfonts/cm/cmsy10.pfb>
</usr/share/texlive/texmf-dist/fonts/type1/public/amsfonts/cm/cmsy8.pfb></usr/s
hare/texlive/texmf-dist/fonts/type1/public/amsfonts/cm/cmti12.pfb></usr/share/t
exlive/texmf-dist/fonts/type1/public/amsfonts/cm/cmtt8.pfb>
Output written on fc-cvs-eom_rev.pdf (41 pages, 2819540 bytes).
PDF statistics:
 1317 PDF objects out of 1440 (max. 8388607)
 271 compressed objects within 3 object streams
 0 named destinations out of 1000 (max. 500000)
 426 words of extra memory for PDF output out of 10000 (max. 10000000)

