270.0 0.0
270.01 0.0
270.02 0.0
270.03 0.0
270.04 0.0
270.05 0.0
270.06 0.0
270.07 0.0
270.08 0.0
270.09 0.0
270.1 0.0
270.11 0.0
270.12 0.0
270.13 0.0
270.14 0.0
270.15 0.0
270.16 0.0
270.17 0.0
270.18 0.0
270.19 0.0
270.2 0.0
270.21 0.0
270.22 0.0
270.23 0.0
270.24 0.0
270.25 0.0
270.26 0.0
270.27 0.0
270.28 0.0
270.29 0.0
270.3 0.0
270.31 0.0
270.32 0.0
270.33 0.0
270.34 0.0
270.35 0.0
270.36 0.0
270.37 0.0
270.38 0.0
270.39 0.0
270.4 0.0
270.41 0.0
270.42 0.0
270.43 0.0
270.44 0.0
270.45 0.0
270.46 0.0
270.47 0.0
270.48 0.0
270.49 0.0
270.5 0.0
270.51 0.0
270.52 0.0
270.53 0.0
270.54 0.0
270.55 0.0
270.56 0.0
270.57 0.0
270.58 0.0
270.59 0.0
270.6 0.0
270.61 0.0
270.62 0.0
270.63 0.0
270.64 0.0
270.65 0.0
270.66 0.0
270.67 0.0
270.68 0.0
270.69 0.0
270.7 0.0
270.71 0.0
270.72 0.0
270.73 0.0
270.74 0.0
270.75 0.0
270.76 0.0
270.77 0.0
270.78 0.0
270.79 0.0
270.8 0.0
270.81 0.0
270.82 0.0
270.83 0.0
270.84 0.0
270.85 0.0
270.86 0.0
270.87 0.0
270.88 0.0
270.89 0.0
270.9 0.0
270.91 0.0
270.92 0.0
270.93 0.0
270.94 0.0
270.95 0.0
270.96 0.0
270.97 0.0
270.98 0.0
270.99 0.0
271.0 0.0
271.01 0.0
271.02 0.0
271.03 0.0
271.04 0.0
271.05 0.0
271.06 0.0
271.07 0.0
271.08 0.0
271.09 0.0
271.1 0.0
271.11 0.0
271.12 0.0
271.13 0.0
271.14 0.0
271.15 0.0
271.16 0.0
271.17 0.0
271.18 0.0
271.19 0.0
271.2 0.0
271.21 0.0
271.22 0.0
271.23 0.0
271.24 0.0
271.25 0.0
271.26 0.0
271.27 0.0
271.28 0.0
271.29 0.0
271.3 0.0
271.31 0.0
271.32 0.0
271.33 0.0
271.34 0.0
271.35 0.0
271.36 0.0
271.37 0.0
271.38 0.0
271.39 0.0
271.4 0.0
271.41 0.0
271.42 0.0
271.43 0.0
271.44 0.0
271.45 0.0
271.46 0.0
271.47 0.0
271.48 0.0
271.49 0.0
271.5 0.0
271.51 0.0
271.52 0.0
271.53 0.0
271.54 0.0
271.55 0.0
271.56 0.0
271.57 0.0
271.58 0.0
271.59 0.0
271.6 0.0
271.61 0.0
271.62 0.0
271.63 0.0
271.64 0.0
271.65 0.0
271.66 0.0
271.67 0.0
271.68 0.0
271.69 0.0
271.7 0.0
271.71 0.0
271.72 0.0
271.73 0.0
271.74 0.0
271.75 0.0
271.76 0.0
271.77 0.0
271.78 0.0
271.79 0.0
271.8 0.0
271.81 0.0
271.82 0.0
271.83 0.0
271.84 0.0
271.85 0.0
271.86 0.0
271.87 0.0
271.88 0.0
271.89 0.0
271.9 0.0
271.91 0.0
271.92 0.0
271.93 0.0
271.94 0.0
271.95 0.0
271.96 0.0
271.97 0.0
271.98 0.0
271.99 0.0
272.0 0.0
272.01 0.0
272.02 0.0
272.03 0.0
272.04 0.0
272.05 0.0
272.06 0.0
272.07 0.0
272.08 0.0
272.09 0.0
272.1 0.0
272.11 0.0
272.12 0.0
272.13 0.0
272.14 0.0
272.15 0.0
272.16 0.0
272.17 0.0
272.18 0.0
272.19 0.0
272.2 0.0
272.21 0.0
272.22 0.0
272.23 0.0
272.24 0.0
272.25 0.0
272.26 0.0
272.27 0.0
272.28 0.0
272.29 0.0
272.3 0.0
272.31 0.0
272.32 0.0
272.33 0.0
272.34 0.0
272.35 0.0
272.36 0.0
272.37 0.0
272.38 0.0
272.39 0.0
272.4 0.0
272.41 0.0
272.42 0.0
272.43 0.0
272.44 0.0
272.45 0.0
272.46 0.0
272.47 0.0
272.48 0.0
272.49 0.0
272.5 0.0
272.51 0.0
272.52 0.0
272.53 0.0
272.54 0.0
272.55 0.0
272.56 0.0
272.57 0.0
272.58 0.0
272.59 0.0
272.6 0.0
272.61 0.0
272.62 0.0
272.63 0.0
272.64 0.0
272.65 0.0
272.66 0.0
272.67 0.0
272.68 0.0
272.69 0.0
272.7 0.0
272.71 0.0
272.72 0.0
272.73 0.0
272.74 0.0
272.75 0.0
272.76 0.0
272.77 0.0
272.78 0.0
272.79 0.0
272.8 0.0
272.81 0.0
272.82 0.0
272.83 0.0
272.84 0.0
272.85 0.0
272.86 0.0
272.87 0.0
272.88 0.0
272.89 0.0
272.9 0.0
272.91 0.0
272.92 0.0
272.93 0.0
272.94 0.0
272.95 0.0
272.96 0.0
272.97 0.0
272.98 0.0
272.99 0.0
273.0 0.0
273.01 0.0
273.02 0.0
273.03 0.0
273.04 0.0
273.05 0.0
273.06 0.0
273.07 0.0
273.08 0.0
273.09 0.0
273.1 0.0
273.11 0.0
273.12 0.0
273.13 0.0
273.14 0.0
273.15 0.0
273.16 0.0
273.17 0.0
273.18 0.0
273.19 0.0
273.2 0.0
273.21 0.0
273.22 0.0
273.23 0.0
273.24 0.0
273.25 0.0
273.26 0.0
273.27 0.0
273.28 0.0
273.29 0.0
273.3 0.0
273.31 0.0
273.32 0.0
273.33 0.0
273.34 0.0
273.35 0.0
273.36 0.0
273.37 0.0
273.38 0.0
273.39 0.0
273.4 0.0
273.41 0.0
273.42 0.0
273.43 0.0
273.44 0.0
273.45 0.0
273.46 0.0
273.47 0.0
273.48 0.0
273.49 0.0
273.5 0.0
273.51 0.0
273.52 0.0
273.53 0.0
273.54 0.0
273.55 0.0
273.56 0.0
273.57 0.0
273.58 0.0
273.59 0.0
273.6 0.0
273.61 0.0
273.62 0.0
273.63 0.0
273.64 0.0
273.65 0.0
273.66 0.0
273.67 0.0
273.68 0.0
273.69 0.0
273.7 0.0
273.71 0.0
273.72 0.0
273.73 0.0
273.74 0.0
273.75 0.0
273.76 0.0
273.77 0.0
273.78 0.0
273.79 0.0
273.8 0.0
273.81 0.0
273.82 0.0
273.83 0.0
273.84 0.0
273.85 0.0
273.86 0.0
273.87 0.0
273.88 0.0
273.89 0.0
273.9 0.0
273.91 0.0
273.92 0.0
273.93 0.0
273.94 0.0
273.95 0.0
273.96 0.0
273.97 0.0
273.98 0.0
273.99 0.0
274.0 0.0
274.01 0.0
274.02 0.0
274.03 0.0
274.04 0.0
274.05 0.0
274.06 0.0
274.07 0.0
274.08 0.0
274.09 0.0
274.1 0.0
274.11 0.0
274.12 0.0
274.13 0.0
274.14 0.0
274.15 0.0
274.16 0.0
274.17 0.0
274.18 0.0
274.19 0.0
274.2 0.0
274.21 0.0
274.22 0.0
274.23 0.0
274.24 0.0
274.25 0.0
274.26 0.0
274.27 0.0
274.28 0.0
274.29 0.0
274.3 0.0
274.31 0.0
274.32 0.0
274.33 0.0
274.34 0.0
274.35 0.0
274.36 0.0
274.37 0.0
274.38 0.0
274.39 0.0
274.4 0.0
274.41 0.0
274.42 0.0
274.43 0.0
274.44 0.0
274.45 0.0
274.46 0.0
274.47 0.0
274.48 0.0
274.49 0.0
274.5 0.0
274.51 0.0
274.52 0.0
274.53 0.0
274.54 0.0
274.55 0.0
274.56 0.0
274.57 0.0
274.58 0.0
274.59 0.0
274.6 0.0
274.61 0.0
274.62 0.0
274.63 0.0
274.64 0.0
274.65 0.0
274.66 0.0
274.67 0.0
274.68 0.0
274.69 0.0
274.7 0.0
274.71 0.0
274.72 0.0
274.73 0.0
274.74 0.0
274.75 0.0
274.76 0.0
274.77 0.0
274.78 0.0
274.79 0.0
274.8 0.0
274.81 0.0
274.82 0.0
274.83 0.0
274.84 0.0
274.85 0.0
274.86 0.0
274.87 0.0
274.88 0.0
274.89 0.0
274.9 0.0
274.91 0.0
274.92 0.0
274.93 0.0
274.94 0.0
274.95 0.0
274.96 0.0
274.97 0.0
274.98 0.0
274.99 0.0
275.0 0.0
275.01 0.0
275.02 0.0
275.03 0.0
275.04 0.0
275.05 0.0
275.06 0.0
275.07 0.0
275.08 0.0
275.09 0.0
275.1 0.0
275.11 0.0
275.12 0.0
275.13 0.0
275.14 0.0
275.15 0.0
275.16 0.0
275.17 0.0
275.18 0.0
275.19 0.0
275.2 0.0
275.21 0.0
275.22 0.0
275.23 0.0
275.24 0.0
275.25 0.0
275.26 0.0
275.27 0.0
275.28 0.0
275.29 0.0
275.3 0.0
275.31 0.0
275.32 0.0
275.33 0.0
275.34 0.0
275.35 0.0
275.36 0.0
275.37 0.0
275.38 0.0
275.39 0.0
275.4 0.0
275.41 0.0
275.42 0.0
275.43 0.0
275.44 0.0
275.45 0.0
275.46 0.0
275.47 0.0
275.48 0.0
275.49 0.0
275.5 0.0
275.51 0.0
275.52 0.0
275.53 0.0
275.54 0.0
275.55 0.0
275.56 0.0
275.57 0.0
275.58 0.0
275.59 0.0
275.6 0.0
275.61 0.0
275.62 0.0
275.63 0.0
275.64 0.0
275.65 0.0
275.66 0.0
275.67 0.0
275.68 0.0
275.69 0.0
275.7 0.0
275.71 0.0
275.72 0.0
275.73 0.0
275.74 0.0
275.75 0.0
275.76 0.0
275.77 0.0
275.78 0.0
275.79 0.0
275.8 0.0
275.81 0.0
275.82 0.0
275.83 0.0
275.84 0.0
275.85 0.0
275.86 0.0
275.87 0.0
275.88 0.0
275.89 0.0
275.9 0.0
275.91 0.0
275.92 0.0
275.93 0.0
275.94 0.0
275.95 0.0
275.96 0.0
275.97 0.0
275.98 0.0
275.99 0.0
276.0 0.0
276.01 0.0
276.02 0.0
276.03 0.0
276.04 0.0
276.05 0.0
276.06 0.0
276.07 0.0
276.08 0.0
276.09 0.0
276.1 0.0
276.11 0.0
276.12 0.0
276.13 0.0
276.14 0.0
276.15 0.0
276.16 0.0
276.17 0.0
276.18 0.0
276.19 0.0
276.2 0.0
276.21 0.0
276.22 0.0
276.23 0.0
276.24 0.0
276.25 0.0
276.26 0.0
276.27 0.0
276.28 0.0
276.29 0.0
276.3 0.0
276.31 0.0
276.32 0.0
276.33 0.0
276.34 0.0
276.35 0.0
276.36 0.0
276.37 0.0
276.38 0.0
276.39 0.0
276.4 0.0
276.41 0.0
276.42 0.0
276.43 0.0
276.44 0.0
276.45 0.0
276.46 0.0
276.47 0.0
276.48 0.0
276.49 0.0
276.5 0.0
276.51 0.0
276.52 0.0
276.53 0.0
276.54 0.0
276.55 0.0
276.56 0.0
276.57 0.0
276.58 0.0
276.59 0.0
276.6 0.0
276.61 0.0
276.62 0.0
276.63 0.0
276.64 0.0
276.65 0.0
276.66 0.0
276.67 0.0
276.68 0.0
276.69 0.0
276.7 0.0
276.71 0.0
276.72 0.0
276.73 0.0
276.74 0.0
276.75 0.0
276.76 0.0
276.77 0.0
276.78 0.0
276.79 0.0
276.8 0.0
276.81 0.0
276.82 0.0
276.83 0.0
276.84 0.0
276.85 0.0
276.86 0.0
276.87 0.0
276.88 0.0
276.89 0.0
276.9 0.0
276.91 0.0
276.92 0.0
276.93 0.0
276.94 0.0
276.95 0.0
276.96 0.0
276.97 0.0
276.98 0.0
276.99 0.0
277.0 0.0
277.01 0.0
277.02 0.0
277.03 0.0
277.04 0.0
277.05 0.0
277.06 0.0
277.07 0.0
277.08 0.0
277.09 0.0
277.1 0.0
277.11 0.0
277.12 0.0
277.13 0.0
277.14 0.0
277.15 0.0
277.16 0.0
277.17 0.0
277.18 0.0
277.19 0.0
277.2 0.0
277.21 0.0
277.22 0.0
277.23 0.0
277.24 0.0
277.25 0.0
277.26 0.0
277.27 0.0
277.28 0.0
277.29 0.0
277.3 0.0
277.31 0.0
277.32 0.0
277.33 0.0
277.34 0.0
277.35 0.0
277.36 0.0
277.37 0.0
277.38 0.0
277.39 0.0
277.4 0.0
277.41 0.0
277.42 0.0
277.43 0.0
277.44 0.0
277.45 0.0
277.46 0.0
277.47 0.0
277.48 0.0
277.49 0.0
277.5 0.0
277.51 0.0
277.52 0.0
277.53 0.0
277.54 0.0
277.55 0.0
277.56 0.0
277.57 0.0
277.58 0.0
277.59 0.0
277.6 0.0
277.61 0.0
277.62 0.0
277.63 0.0
277.64 0.0
277.65 0.0
277.66 0.0
277.67 0.0
277.68 0.0
277.69 0.0
277.7 0.0
277.71 0.0
277.72 0.0
277.73 0.0
277.74 0.0
277.75 0.0
277.76 0.0
277.77 0.0
277.78 0.0
277.79 0.0
277.8 0.0
277.81 0.0
277.82 0.0
277.83 0.0
277.84 0.0
277.85 0.0
277.86 0.0
277.87 0.0
277.88 0.0
277.89 0.0
277.9 0.0
277.91 0.0
277.92 0.0
277.93 0.0
277.94 0.0
277.95 0.0
277.96 0.0
277.97 0.0
277.98 0.0
277.99 0.0
278.0 0.0
278.01 0.0
278.02 0.0
278.03 0.0
278.04 0.0
278.05 0.0
278.06 0.0
278.07 0.0
278.08 0.0
278.09 0.0
278.1 0.0
278.11 0.0
278.12 0.0
278.13 0.0
278.14 0.0
278.15 0.0
278.16 0.0
278.17 0.0
278.18 0.0
278.19 0.0
278.2 0.0
278.21 0.0
278.22 0.0
278.23 0.0
278.24 0.0
278.25 0.0
278.26 0.0
278.27 0.0
278.28 0.0
278.29 0.0
278.3 0.0
278.31 0.0
278.32 0.0
278.33 0.0
278.34 0.0
278.35 0.0
278.36 0.0
278.37 0.0
278.38 0.0
278.39 0.0
278.4 0.0
278.41 0.0
278.42 0.0
278.43 0.0
278.44 0.0
278.45 0.0
278.46 0.0
278.47 0.0
278.48 0.0
278.49 0.0
278.5 0.0
278.51 0.0
278.52 0.0
278.53 0.0
278.54 0.0
278.55 0.0
278.56 0.0
278.57 0.0
278.58 0.0
278.59 0.0
278.6 0.0
278.61 0.0
278.62 0.0
278.63 0.0
278.64 0.0
278.65 0.0
278.66 0.0
278.67 0.0
278.68 0.0
278.69 0.0
278.7 0.0
278.71 0.0
278.72 0.0
278.73 0.0
278.74 0.0
278.75 0.0
278.76 0.0
278.77 0.0
278.78 0.0
278.79 0.0
278.8 0.0
278.81 0.0
278.82 0.0
278.83 0.0
278.84 0.0
278.85 0.0
278.86 0.0
278.87 0.0
278.88 0.0
278.89 0.0
278.9 0.0
278.91 0.0
278.92 0.0
278.93 0.0
278.94 0.0
278.95 0.0
278.96 0.0
278.97 0.0
278.98 0.0
278.99 0.0
279.0 0.0
279.01 0.0
279.02 0.0
279.03 0.0
279.04 0.0
279.05 0.0
279.06 0.0
279.07 0.0
279.08 0.0
279.09 0.0
279.1 0.0
279.11 0.0
279.12 0.0
279.13 0.0
279.14 0.0
279.15 0.0
279.16 0.0
279.17 0.0
279.18 0.0
279.19 0.0
279.2 0.0
279.21 0.0
279.22 0.0
279.23 0.0
279.24 0.0
279.25 0.0
279.26 0.0
279.27 0.0
279.28 0.0
279.29 0.0
279.3 0.0
279.31 0.0
279.32 0.0
279.33 0.0
279.34 0.0
279.35 0.0
279.36 0.0
279.37 0.0
279.38 0.0
279.39 0.0
279.4 0.0
279.41 0.0
279.42 0.0
279.43 0.0
279.44 0.0
279.45 0.0
279.46 0.0
279.47 0.0
279.48 0.0
279.49 0.0
279.5 0.0
279.51 0.0
279.52 0.0
279.53 0.0
279.54 0.0
279.55 0.0
279.56 0.0
279.57 0.0
279.58 0.0
279.59 0.0
279.6 0.0
279.61 0.0
279.62 0.0
279.63 0.0
279.64 0.0
279.65 0.0
279.66 0.0
279.67 0.0
279.68 0.0
279.69 0.0
279.7 0.0
279.71 0.0
279.72 0.0
279.73 0.0
279.74 0.0
279.75 0.0
279.76 0.0
279.77 0.0
279.78 0.0
279.79 0.0
279.8 0.0
279.81 0.0
279.82 0.0
279.83 0.0
279.84 0.0
279.85 0.0
279.86 0.0
279.87 0.0
279.88 0.0
279.89 0.0
279.9 0.0
279.91 0.0
279.92 0.0
279.93 0.0
279.94 0.0
279.95 0.0
279.96 0.0
279.97 0.0
279.98 0.0
279.99 0.0
280.0 0.0
280.01 0.0
280.02 0.0
280.03 0.0
280.04 0.0
280.05 0.0
280.06 0.0
280.07 0.0
280.08 0.0
280.09 0.0
280.1 0.0
280.11 0.0
280.12 0.0
280.13 0.0
280.14 0.0
280.15 0.0
280.16 0.0
280.17 0.0
280.18 0.0
280.19 0.0
280.2 0.0
280.21 0.0
280.22 0.0
280.23 0.0
280.24 0.0
280.25 0.0
280.26 0.0
280.27 0.0
280.28 0.0
280.29 0.0
280.3 0.0
280.31 0.0
280.32 0.0
280.33 0.0
280.34 0.0
280.35 0.0
280.36 0.0
280.37 0.0
280.38 0.0
280.39 0.0
280.4 0.0
280.41 0.0
280.42 0.0
280.43 0.0
280.44 0.0
280.45 0.0
280.46 0.0
280.47 0.0
280.48 0.0
280.49 0.0
280.5 0.0
280.51 0.0
280.52 0.0
280.53 0.0
280.54 0.0
280.55 0.0
280.56 0.0
280.57 0.0
280.58 0.0
280.59 0.0
280.6 0.0
280.61 0.0
280.62 0.0
280.63 0.0
280.64 0.0
280.65 0.0
280.66 0.0
280.67 0.0
280.68 0.0
280.69 0.0
280.7 0.0
280.71 0.0
280.72 0.0
280.73 0.0
280.74 0.0
280.75 0.0
280.76 0.0
280.77 0.0
280.78 0.0
280.79 0.0
280.8 0.0
280.81 0.0
280.82 0.0
280.83 0.0
280.84 0.0
280.85 0.0
280.86 0.0
280.87 0.0
280.88 0.0
280.89 0.0
280.9 0.0
280.91 0.0
280.92 0.0
280.93 0.0
280.94 0.0
280.95 0.0
280.96 0.0
280.97 0.0
280.98 0.0
280.99 0.0
281.0 0.0
281.01 0.0
281.02 0.0
281.03 0.0
281.04 0.0
281.05 0.0
281.06 0.0
281.07 0.0
281.08 0.0
281.09 0.0
281.1 0.0
281.11 0.0
281.12 0.0
281.13 0.0
281.14 0.0
281.15 0.0
281.16 0.0
281.17 0.0
281.18 0.0
281.19 0.0
281.2 0.0
281.21 0.0
281.22 0.0
281.23 0.0
281.24 0.0
281.25 0.0
281.26 0.0
281.27 0.0
281.28 0.0
281.29 0.0
281.3 0.0
281.31 0.0
281.32 0.0
281.33 0.0
281.34 0.0
281.35 0.0
281.36 0.0
281.37 0.0
281.38 0.0
281.39 0.0
281.4 0.0
281.41 0.0
281.42 0.0
281.43 0.0
281.44 0.0
281.45 0.0
281.46 0.0
281.47 0.0
281.48 0.0
281.49 0.0
281.5 0.0
281.51 0.0
281.52 0.0
281.53 0.0
281.54 0.0
281.55 0.0
281.56 0.0
281.57 0.0
281.58 0.0
281.59 0.0
281.6 0.0
281.61 0.0
281.62 0.0
281.63 0.0
281.64 0.0
281.65 0.0
281.66 0.0
281.67 0.0
281.68 0.0
281.69 0.0
281.7 0.0
281.71 0.0
281.72 0.0
281.73 0.0
281.74 0.0
281.75 0.0
281.76 0.0
281.77 0.0
281.78 0.0
281.79 0.0
281.8 0.0
281.81 0.0
281.82 0.0
281.83 0.0
281.84 0.0
281.85 0.0
281.86 0.0
281.87 0.0
281.88 0.0
281.89 0.0
281.9 0.0
281.91 0.0
281.92 0.0
281.93 0.0
281.94 0.0
281.95 0.0
281.96 0.0
281.97 0.0
281.98 0.0
281.99 0.0
282.0 0.0
282.01 0.0
282.02 0.0
282.03 0.0
282.04 0.0
282.05 0.0
282.06 0.0
282.07 0.0
282.08 0.0
282.09 0.0
282.1 0.0
282.11 0.0
282.12 0.0
282.13 0.0
282.14 0.0
282.15 0.0
282.16 0.0
282.17 0.0
282.18 0.0
282.19 0.0
282.2 0.0
282.21 0.0
282.22 0.0
282.23 0.0
282.24 0.0
282.25 0.0
282.26 0.0
282.27 0.0
282.28 0.0
282.29 0.0
282.3 0.0
282.31 0.0
282.32 0.0
282.33 0.0
282.34 0.0
282.35 0.0
282.36 0.0
282.37 0.0
282.38 0.0
282.39 0.0
282.4 0.0
282.41 0.0
282.42 0.0
282.43 0.0
282.44 0.0
282.45 0.0
282.46 0.0
282.47 0.0
282.48 0.0
282.49 0.0
282.5 0.0
282.51 0.0
282.52 0.0
282.53 0.0
282.54 0.0
282.55 0.0
282.56 0.0
282.57 0.0
282.58 0.0
282.59 0.0
282.6 0.0
282.61 0.0
282.62 0.0
282.63 0.0
282.64 0.0
282.65 0.0
282.66 0.0
282.67 0.0
282.68 0.0
282.69 0.0
282.7 0.0
282.71 0.0
282.72 0.0
282.73 0.0
282.74 0.0
282.75 0.0
282.76 0.0
282.77 0.0
282.78 0.0
282.79 0.0
282.8 0.0
282.81 0.0
282.82 0.0
282.83 0.0
282.84 0.0
282.85 0.0
282.86 0.0
282.87 0.0
282.88 0.0
282.89 0.0
282.9 0.0
282.91 0.0
282.92 0.0
282.93 0.0
282.94 0.0
282.95 0.0
282.96 0.0
282.97 0.0
282.98 0.0
282.99 0.0
283.0 0.0
283.01 0.0
283.02 0.0
283.03 0.0
283.04 0.0
283.05 0.0
283.06 0.0
283.07 0.0
283.08 0.0
283.09 0.0
283.1 0.0
283.11 0.0
283.12 0.0
283.13 0.0
283.14 0.0
283.15 0.0
283.16 0.0
283.17 0.0
283.18 0.0
283.19 0.0
283.2 0.0
283.21 0.0
283.22 0.0
283.23 0.0
283.24 0.0
283.25 0.0
283.26 0.0
283.27 0.0
283.28 0.0
283.29 0.0
283.3 0.0
283.31 0.0
283.32 0.0
283.33 0.0
283.34 0.0
283.35 0.0
283.36 0.0
283.37 0.0
283.38 0.0
283.39 0.0
283.4 0.0
283.41 0.0
283.42 0.0
283.43 0.0
283.44 0.0
283.45 0.0
283.46 0.0
283.47 0.0
283.48 0.0
283.49 0.0
283.5 0.0
283.51 0.0
283.52 0.0
283.53 0.0
283.54 0.0
283.55 0.0
283.56 0.0
283.57 0.0
283.58 0.0
283.59 0.0
283.6 0.0
283.61 0.0
283.62 0.0
283.63 0.0
283.64 0.0
283.65 0.0
283.66 0.0
283.67 0.0
283.68 0.0
283.69 0.0
283.7 0.0
283.71 0.0
283.72 0.0
283.73 0.0
283.74 0.0
283.75 0.0
283.76 0.0
283.77 0.0
283.78 0.0
283.79 0.0
283.8 0.0
283.81 0.0
283.82 0.0
283.83 0.0
283.84 0.0
283.85 0.0
283.86 0.0
283.87 0.0
283.88 0.0
283.89 0.0
283.9 0.0
283.91 0.0
283.92 0.0
283.93 0.0
283.94 0.0
283.95 0.0
283.96 0.0
283.97 0.0
283.98 0.0
283.99 0.0
284.0 0.0
284.01 0.0
284.02 0.0
284.03 0.0
284.04 0.0
284.05 0.0
284.06 0.0
284.07 0.0
284.08 0.0
284.09 0.0
284.1 0.0
284.11 0.0
284.12 0.0
284.13 0.0
284.14 0.0
284.15 0.0
284.16 0.0
284.17 0.0
284.18 0.0
284.19 0.0
284.2 0.0
284.21 0.0
284.22 0.0
284.23 0.0
284.24 0.0
284.25 0.0
284.26 0.0
284.27 0.0
284.28 0.0
284.29 0.0
284.3 0.0
284.31 0.0
284.32 0.0
284.33 0.0
284.34 0.0
284.35 0.0
284.36 0.0
284.37 0.0
284.38 0.0
284.39 0.0
284.4 0.0
284.41 0.0
284.42 0.0
284.43 0.0
284.44 0.0
284.45 0.0
284.46 0.0
284.47 0.0
284.48 0.0
284.49 0.0
284.5 0.0
284.51 0.0
284.52 0.0
284.53 0.0
284.54 0.0
284.55 0.0
284.56 0.0
284.57 0.0
284.58 0.0
284.59 0.0
284.6 0.0
284.61 0.0
284.62 0.0
284.63 0.0
284.64 0.0
284.65 0.0
284.66 0.0
284.67 0.0
284.68 0.0
284.69 0.0
284.7 0.0
284.71 0.0
284.72 0.0
284.73 0.0
284.74 0.0
284.75 0.0
284.76 0.0
284.77 0.0
284.78 0.0
284.79 0.0
284.8 0.0
284.81 0.0
284.82 0.0
284.83 0.0
284.84 0.0
284.85 0.0
284.86 0.0
284.87 0.0
284.88 0.0
284.89 0.0
284.9 0.0
284.91 0.0
284.92 0.0
284.93 0.0
284.94 0.0
284.95 0.0
284.96 0.0
284.97 0.0
284.98 0.0
284.99 0.0
285.0 0.0
285.01 0.0
285.02 0.0
285.03 0.0
285.04 0.0
285.05 0.0
285.06 0.0
285.07 0.0
285.08 0.0
285.09 0.0
285.1 0.0
285.11 0.0
285.12 0.0
285.13 0.0
285.14 0.0
285.15 0.0
285.16 0.0
285.17 0.0
285.18 0.0
285.19 0.0
285.2 0.0
285.21 0.0
285.22 0.0
285.23 0.0
285.24 0.0
285.25 0.0
285.26 0.0
285.27 0.0
285.28 0.0
285.29 0.0
285.3 0.0
285.31 0.0
285.32 0.0
285.33 0.0
285.34 0.0
285.35 0.0
285.36 0.0
285.37 0.0
285.38 0.0
285.39 0.0
285.4 0.0
285.41 0.0
285.42 0.0
285.43 0.0
285.44 0.0
285.45 0.0
285.46 0.0
285.47 0.0
285.48 0.0
285.49 0.0
285.5 0.0
285.51 0.0
285.52 0.0
285.53 0.0
285.54 0.0
285.55 0.0
285.56 0.0
285.57 0.0
285.58 0.0
285.59 0.0
285.6 0.0
285.61 0.0
285.62 0.0
285.63 0.0
285.64 0.0
285.65 0.0
285.66 0.0
285.67 0.0
285.68 0.0
285.69 0.0
285.7 0.0
285.71 0.0
285.72 0.0
285.73 0.0
285.74 0.0
285.75 0.0
285.76 0.0
285.77 0.0
285.78 0.0
285.79 0.0
285.8 0.0
285.81 0.0
285.82 0.0
285.83 0.0
285.84 0.0
285.85 0.0
285.86 0.0
285.87 0.0
285.88 0.0
285.89 0.0
285.9 0.0
285.91 0.0
285.92 0.0
285.93 0.0
285.94 0.0
285.95 0.0
285.96 0.0
285.97 0.0
285.98 0.0
285.99 0.0
286.0 0.0
286.01 0.0
286.02 0.0
286.03 0.0
286.04 0.0
286.05 0.0
286.06 0.0
286.07 0.0
286.08 0.0
286.09 0.0
286.1 0.0
286.11 0.0
286.12 0.0
286.13 0.0
286.14 0.0
286.15 0.0
286.16 0.0
286.17 0.0
286.18 0.0
286.19 0.0
286.2 0.0
286.21 0.0
286.22 0.0
286.23 0.0
286.24 0.0
286.25 0.0
286.26 0.0
286.27 0.0
286.28 0.0
286.29 0.0
286.3 0.0
286.31 0.0
286.32 0.0
286.33 0.0
286.34 0.0
286.35 0.0
286.36 0.0
286.37 0.0
286.38 0.0
286.39 0.0
286.4 0.0
286.41 0.0
286.42 0.0
286.43 0.0
286.44 0.0
286.45 0.0
286.46 0.0
286.47 0.0
286.48 0.0
286.49 0.0
286.5 0.0
286.51 0.0
286.52 0.0
286.53 0.0
286.54 0.0
286.55 0.0
286.56 0.0
286.57 0.0
286.58 0.0
286.59 0.0
286.6 0.0
286.61 0.0
286.62 0.0
286.63 0.0
286.64 0.0
286.65 0.0
286.66 0.0
286.67 0.0
286.68 0.0
286.69 0.0
286.7 0.0
286.71 0.0
286.72 0.0
286.73 0.0
286.74 0.0
286.75 0.0
286.76 0.0
286.77 0.0
286.78 0.0
286.79 0.0
286.8 0.0
286.81 0.0
286.82 0.0
286.83 0.0
286.84 0.0
286.85 0.0
286.86 0.0
286.87 0.0
286.88 0.0
286.89 0.0
286.9 0.0
286.91 0.0
286.92 0.0
286.93 0.0
286.94 0.0
286.95 0.0
286.96 0.0
286.97 0.0
286.98 0.0
286.99 0.0
287.0 0.0
287.01 0.0
287.02 0.0
287.03 0.0
287.04 0.0
287.05 0.0
287.06 0.0
287.07 0.0
287.08 0.0
287.09 0.0
287.1 0.0
287.11 0.0
287.12 0.0
287.13 0.0
287.14 0.0
287.15 0.0
287.16 0.0
287.17 0.0
287.18 0.0
287.19 0.0
287.2 0.0
287.21 0.0
287.22 0.0
287.23 0.0
287.24 0.0
287.25 0.0
287.26 0.0
287.27 0.0
287.28 0.0
287.29 0.0
287.3 0.0
287.31 0.0
287.32 0.0
287.33 0.0
287.34 0.0
287.35 0.0
287.36 0.0
287.37 0.0
287.38 0.0
287.39 0.0
287.4 0.0
287.41 0.0
287.42 0.0
287.43 0.0
287.44 0.0
287.45 0.0
287.46 0.0
287.47 0.0
287.48 0.0
287.49 0.0
287.5 0.0
287.51 0.0
287.52 0.0
287.53 0.0
287.54 0.0
287.55 0.0
287.56 0.0
287.57 0.0
287.58 0.0
287.59 0.0
287.6 0.0
287.61 0.0
287.62 0.0
287.63 0.0
287.64 0.0
287.65 0.0
287.66 0.0
287.67 0.0
287.68 0.0
287.69 0.0
287.7 0.0
287.71 0.0
287.72 0.0
287.73 0.0
287.74 0.0
287.75 0.0
287.76 0.0
287.77 0.0
287.78 0.0
287.79 0.0
287.8 0.0
287.81 0.0
287.82 0.0
287.83 0.0
287.84 0.0
287.85 0.0
287.86 0.0
287.87 0.0
287.88 0.0
287.89 0.0
287.9 0.0
287.91 0.0
287.92 0.0
287.93 0.0
287.94 0.0
287.95 0.0
287.96 0.0
287.97 0.0
287.98 0.0
287.99 0.0
288.0 0.0
288.01 0.0
288.02 0.0
288.03 0.0
288.04 0.0
288.05 0.0
288.06 0.0
288.07 0.0
288.08 0.0
288.09 0.0
288.1 0.0
288.11 0.0
288.12 0.0
288.13 0.0
288.14 0.0
288.15 0.0
288.16 0.0
288.17 0.0
288.18 0.0
288.19 0.0
288.2 0.0
288.21 0.0
288.22 0.0
288.23 0.0
288.24 0.0
288.25 0.0
288.26 0.0
288.27 0.0
288.28 0.0
288.29 0.0
288.3 0.0
288.31 0.0
288.32 0.0
288.33 0.0
288.34 0.0
288.35 0.0
288.36 0.0
288.37 0.0
288.38 0.0
288.39 0.0
288.4 0.0
288.41 0.0
288.42 0.0
288.43 0.0
288.44 0.0
288.45 0.0
288.46 0.0
288.47 0.0
288.48 0.0
288.49 0.0
288.5 0.0
288.51 0.0
288.52 0.0
288.53 0.0
288.54 0.0
288.55 0.0
288.56 0.0
288.57 0.0
288.58 0.0
288.59 0.0
288.6 0.0
288.61 0.0
288.62 0.0
288.63 0.0
288.64 0.0
288.65 0.0
288.66 0.0
288.67 0.0
288.68 0.0
288.69 0.0
288.7 0.0
288.71 0.0
288.72 0.0
288.73 0.0
288.74 0.0
288.75 0.0
288.76 0.0
288.77 0.0
288.78 0.0
288.79 0.0
288.8 0.0
288.81 0.0
288.82 0.0
288.83 0.0
288.84 0.0
288.85 0.0
288.86 0.0
288.87 0.0
288.88 0.0
288.89 0.0
288.9 0.0
288.91 0.0
288.92 0.0
288.93 0.0
288.94 0.0
288.95 0.0
288.96 0.0
288.97 0.0
288.98 0.0
288.99 0.0
289.0 0.0
289.01 0.0
289.02 0.0
289.03 0.0
289.04 0.0
289.05 0.0
289.06 0.0
289.07 0.0
289.08 0.0
289.09 0.0
289.1 0.0
289.11 0.0
289.12 0.0
289.13 0.0
289.14 0.0
289.15 0.0
289.16 0.0
289.17 0.0
289.18 0.0
289.19 0.0
289.2 0.0
289.21 0.0
289.22 0.0
289.23 0.0
289.24 0.0
289.25 0.0
289.26 0.0
289.27 0.0
289.28 0.0
289.29 0.0
289.3 0.0
289.31 0.0
289.32 0.0
289.33 0.0
289.34 0.0
289.35 0.0
289.36 0.0
289.37 0.0
289.38 0.0
289.39 0.0
289.4 0.0
289.41 0.0
289.42 0.0
289.43 0.0
289.44 0.0
289.45 0.0
289.46 0.0
289.47 0.0
289.48 0.0
289.49 0.0
289.5 0.0
289.51 0.0
289.52 0.0
289.53 0.0
289.54 0.0
289.55 0.0
289.56 0.0
289.57 0.0
289.58 0.0
289.59 0.0
289.6 0.0
289.61 0.0
289.62 0.0
289.63 0.0
289.64 0.0
289.65 0.0
289.66 0.0
289.67 0.0
289.68 0.0
289.69 0.0
289.7 0.0
289.71 0.0
289.72 0.0
289.73 0.0
289.74 0.0
289.75 0.0
289.76 0.0
289.77 0.0
289.78 0.0
289.79 0.0
289.8 0.0
289.81 0.0
289.82 0.0
289.83 0.0
289.84 0.0
289.85 0.0
289.86 0.0
289.87 0.0
289.88 0.0
289.89 0.0
289.9 0.0
289.91 0.0
289.92 0.0
289.93 0.0
289.94 0.0
289.95 0.0
289.96 0.0
289.97 0.0
289.98 0.0
289.99 0.0
290.0 0.0
290.01 0.0
290.02 0.0
290.03 0.0
290.04 0.0
290.05 0.0
290.06 0.0
290.07 0.0
290.08 0.0
290.09 0.0
290.1 0.0
290.11 0.0
290.12 0.0
290.13 0.0
290.14 0.0
290.15 0.0
290.16 0.0
290.17 0.0
290.18 0.0
290.19 0.0
290.2 0.0
290.21 0.0
290.22 0.0
290.23 0.0
290.24 0.0
290.25 0.0
290.26 0.0
290.27 0.0
290.28 0.0
290.29 0.0
290.3 0.0
290.31 0.0
290.32 0.0
290.33 0.0
290.34 0.0
290.35 0.0
290.36 0.0
290.37 0.0
290.38 0.0
290.39 0.0
290.4 0.0
290.41 0.0
290.42 0.0
290.43 0.0
290.44 0.0
290.45 0.0
290.46 0.0
290.47 0.0
290.48 0.0
290.49 0.0
290.5 0.0
290.51 0.0
290.52 0.0
290.53 0.0
290.54 0.0
290.55 0.0
290.56 0.0
290.57 0.0
290.58 0.0
290.59 0.0
290.6 0.0
290.61 0.0
290.62 0.0
290.63 0.0
290.64 0.0
290.65 0.0
290.66 0.0
290.67 0.0
290.68 0.0
290.69 0.0
290.7 0.0
290.71 0.0
290.72 0.0
290.73 0.0
290.74 0.0
290.75 0.0
290.76 0.0
290.77 0.0
290.78 0.0
290.79 0.0
290.8 0.0
290.81 0.0
290.82 0.0
290.83 0.0
290.84 0.0
290.85 0.0
290.86 0.0
290.87 0.0
290.88 0.0
290.89 0.0
290.9 0.0
290.91 0.0
290.92 0.0
290.93 0.0
290.94 0.0
290.95 0.0
290.96 0.0
290.97 0.0
290.98 0.0
290.99 0.0
291.0 0.0
291.01 0.0
291.02 0.0
291.03 0.0
291.04 0.0
291.05 0.0
291.06 0.0
291.07 0.0
291.08 0.0
291.09 0.0
291.1 0.0
291.11 0.0
291.12 0.0
291.13 0.0
291.14 0.0
291.15 0.0
291.16 0.0
291.17 0.0
291.18 0.0
291.19 0.0
291.2 0.0
291.21 0.0
291.22 0.0
291.23 0.0
291.24 0.0
291.25 0.0
291.26 0.0
291.27 0.0
291.28 0.0
291.29 0.0
291.3 0.0
291.31 0.0
291.32 0.0
291.33 0.0
291.34 0.0
291.35 0.0
291.36 0.0
291.37 0.0
291.38 0.0
291.39 0.0
291.4 0.0
291.41 0.0
291.42 0.0
291.43 0.0
291.44 0.0
291.45 0.0
291.46 0.0
291.47 0.0
291.48 0.0
291.49 0.0
291.5 0.0
291.51 0.0
291.52 0.0
291.53 0.0
291.54 0.0
291.55 0.0
291.56 0.0
291.57 0.0
291.58 0.0
291.59 0.0
291.6 0.0
291.61 0.0
291.62 0.0
291.63 0.0
291.64 0.0
291.65 0.0
291.66 0.0
291.67 0.0
291.68 0.0
291.69 0.0
291.7 0.0
291.71 0.0
291.72 0.0
291.73 0.0
291.74 0.0
291.75 0.0
291.76 0.0
291.77 0.0
291.78 0.0
291.79 0.0
291.8 0.0
291.81 0.0
291.82 0.0
291.83 0.0
291.84 0.0
291.85 0.0
291.86 0.0
291.87 0.0
291.88 0.0
291.89 0.0
291.9 0.0
291.91 0.0
291.92 0.0
291.93 0.0
291.94 0.0
291.95 0.0
291.96 0.0
291.97 0.0
291.98 0.0
291.99 0.0
292.0 0.0
292.01 0.0
292.02 0.0
292.03 0.0
292.04 0.0
292.05 0.0
292.06 0.0
292.07 0.0
292.08 0.0
292.09 0.0
292.1 0.0
292.11 0.0
292.12 0.0
292.13 0.0
292.14 0.0
292.15 0.0
292.16 0.0
292.17 0.0
292.18 0.0
292.19 0.0
292.2 0.0
292.21 0.0
292.22 0.0
292.23 0.0
292.24 0.0
292.25 0.0
292.26 0.0
292.27 0.0
292.28 0.0
292.29 0.0
292.3 0.0
292.31 0.0
292.32 0.0
292.33 0.0
292.34 0.0
292.35 0.0
292.36 0.0
292.37 0.0
292.38 0.0
292.39 0.0
292.4 0.0
292.41 0.0
292.42 0.0
292.43 0.0
292.44 0.0
292.45 0.0
292.46 0.0
292.47 0.0
292.48 0.0
292.49 0.0
292.5 0.0
292.51 0.0
292.52 0.0
292.53 0.0
292.54 0.0
292.55 0.0
292.56 0.0
292.57 0.0
292.58 0.0
292.59 0.0
292.6 0.0
292.61 0.0
292.62 0.0
292.63 0.0
292.64 0.0
292.65 0.0
292.66 0.0
292.67 0.0
292.68 0.0
292.69 0.0
292.7 0.0
292.71 0.0
292.72 0.0
292.73 0.0
292.74 0.0
292.75 0.0
292.76 0.0
292.77 0.0
292.78 0.0
292.79 0.0
292.8 0.0
292.81 0.0
292.82 0.0
292.83 0.0
292.84 0.0
292.85 0.0
292.86 0.0
292.87 0.0
292.88 0.0
292.89 0.0
292.9 0.0
292.91 0.0
292.92 0.0
292.93 0.0
292.94 0.0
292.95 0.0
292.96 0.0
292.97 0.0
292.98 0.0
292.99 0.0
293.0 0.0
293.01 0.0
293.02 0.0
293.03 0.0
293.04 0.0
293.05 0.0
293.06 0.0
293.07 0.0
293.08 0.0
293.09 0.0
293.1 0.0
293.11 0.0
293.12 0.0
293.13 0.0
293.14 0.0
293.15 0.0
293.16 0.0
293.17 0.0
293.18 0.0
293.19 0.0
293.2 0.0
293.21 0.0
293.22 0.0
293.23 0.0
293.24 0.0
293.25 0.0
293.26 0.0
293.27 0.0
293.28 0.0
293.29 0.0
293.3 0.0
293.31 0.0
293.32 0.0
293.33 0.0
293.34 0.0
293.35 0.0
293.36 0.0
293.37 0.0
293.38 0.0
293.39 0.0
293.4 0.0
293.41 0.0
293.42 0.0
293.43 0.0
293.44 0.0
293.45 0.0
293.46 0.0
293.47 0.0
293.48 0.0
293.49 0.0
293.5 0.0
293.51 0.0
293.52 0.0
293.53 0.0
293.54 0.0
293.55 0.0
293.56 0.0
293.57 0.0
293.58 0.0
293.59 0.0
293.6 0.0
293.61 0.0
293.62 0.0
293.63 0.0
293.64 0.0
293.65 0.0
293.66 0.0
293.67 0.0
293.68 0.0
293.69 0.0
293.7 0.0
293.71 0.0
293.72 0.0
293.73 0.0
293.74 0.0
293.75 0.0
293.76 0.0
293.77 0.0
293.78 0.0
293.79 0.0
293.8 0.0
293.81 0.0
293.82 0.0
293.83 0.0
293.84 0.0
293.85 0.0
293.86 0.0
293.87 0.0
293.88 0.0
293.89 0.0
293.9 0.0
293.91 0.0
293.92 0.0
293.93 0.0
293.94 0.0
293.95 0.0
293.96 0.0
293.97 0.0
293.98 0.0
293.99 0.0
294.0 0.0
294.01 0.0
294.02 0.0
294.03 0.0
294.04 0.0
294.05 0.0
294.06 0.0
294.07 0.0
294.08 0.0
294.09 0.0
294.1 0.0
294.11 0.0
294.12 0.0
294.13 0.0
294.14 0.0
294.15 0.0
294.16 0.0
294.17 0.0
294.18 0.0
294.19 0.0
294.2 0.0
294.21 0.0
294.22 0.0
294.23 0.0
294.24 0.0
294.25 0.0
294.26 0.0
294.27 0.0
294.28 0.0
294.29 0.0
294.3 0.0
294.31 0.0
294.32 0.0
294.33 0.0
294.34 0.0
294.35 0.0
294.36 0.0
294.37 0.0
294.38 0.0
294.39 0.0
294.4 0.0
294.41 0.0
294.42 0.0
294.43 0.0
294.44 0.0
294.45 0.0
294.46 0.0
294.47 0.0
294.48 0.0
294.49 0.0
294.5 0.0
294.51 0.0
294.52 0.0
294.53 0.0
294.54 0.0
294.55 0.0
294.56 0.0
294.57 0.0
294.58 0.0
294.59 0.0
294.6 0.0
294.61 0.0
294.62 0.0
294.63 0.0
294.64 0.0
294.65 0.0
294.66 0.0
294.67 0.0
294.68 0.0
294.69 0.0
294.7 0.0
294.71 0.0
294.72 0.0
294.73 0.0
294.74 0.0
294.75 0.0
294.76 0.0
294.77 0.0
294.78 0.0
294.79 0.0
294.8 0.0
294.81 0.0
294.82 0.0
294.83 0.0
294.84 0.0
294.85 0.0
294.86 0.0
294.87 0.0
294.88 0.0
294.89 0.0
294.9 0.0
294.91 0.0
294.92 0.0
294.93 0.0
294.94 0.0
294.95 0.0
294.96 0.0
294.97 0.0
294.98 0.0
294.99 0.0
295.0 0.0
295.01 0.0
295.02 0.0
295.03 0.0
295.04 0.0
295.05 0.0
295.06 0.0
295.07 0.0
295.08 0.0
295.09 0.0
295.1 0.0
295.11 0.0
295.12 0.0
295.13 0.0
295.14 0.0
295.15 0.0
295.16 0.0
295.17 0.0
295.18 0.0
295.19 0.0
295.2 0.0
295.21 0.0
295.22 0.0
295.23 0.0
295.24 0.0
295.25 0.0
295.26 0.0
295.27 0.0
295.28 0.0
295.29 0.0
295.3 0.0
295.31 0.0
295.32 0.0
295.33 0.0
295.34 0.0
295.35 0.0
295.36 0.0
295.37 0.0
295.38 0.0
295.39 0.0
295.4 0.0
295.41 0.0
295.42 0.0
295.43 0.0
295.44 0.0
295.45 0.0
295.46 0.0
295.47 0.0
295.48 0.0
295.49 0.0
295.5 0.0
295.51 0.0
295.52 0.0
295.53 0.0
295.54 0.0
295.55 0.0
295.56 0.0
295.57 0.0
295.58 0.0
295.59 0.0
295.6 0.0
295.61 0.0
295.62 0.0
295.63 0.0
295.64 0.0
295.65 0.0
295.66 0.0
295.67 0.0
295.68 0.0
295.69 0.0
295.7 0.0
295.71 0.0
295.72 0.0
295.73 0.0
295.74 0.0
295.75 0.0
295.76 0.0
295.77 0.0
295.78 0.0
295.79 0.0
295.8 0.0
295.81 0.0
295.82 0.0
295.83 0.0
295.84 0.0
295.85 0.0
295.86 0.0
295.87 0.0
295.88 0.0
295.89 0.0
295.9 0.0
295.91 0.0
295.92 0.0
295.93 0.0
295.94 0.0
295.95 0.0
295.96 0.0
295.97 0.0
295.98 0.0
295.99 0.0
296.0 0.0
296.01 0.0
296.02 0.0
296.03 0.0
296.04 0.0
296.05 0.0
296.06 0.0
296.07 0.0
296.08 0.0
296.09 0.0
296.1 0.0
296.11 0.0
296.12 0.0
296.13 0.0
296.14 0.0
296.15 0.0
296.16 0.0
296.17 0.0
296.18 0.0
296.19 0.0
296.2 0.0
296.21 0.0
296.22 0.0
296.23 0.0
296.24 0.0
296.25 0.0
296.26 0.0
296.27 0.0
296.28 0.0
296.29 0.0
296.3 0.0
296.31 0.0
296.32 0.0
296.33 0.0
296.34 0.0
296.35 0.0
296.36 0.0
296.37 0.0
296.38 0.0
296.39 0.0
296.4 0.0
296.41 0.0
296.42 0.0
296.43 0.0
296.44 0.0
296.45 0.0
296.46 0.0
296.47 0.0
296.48 0.0
296.49 0.0
296.5 0.0
296.51 0.0
296.52 0.0
296.53 0.0
296.54 0.0
296.55 0.0
296.56 0.0
296.57 0.0
296.58 0.0
296.59 0.0
296.6 0.0
296.61 0.0
296.62 0.0
296.63 0.0
296.64 0.0
296.65 0.0
296.66 0.0
296.67 0.0
296.68 0.0
296.69 0.0
296.7 0.0
296.71 0.0
296.72 0.0
296.73 0.0
296.74 0.0
296.75 0.0
296.76 0.0
296.77 0.0
296.78 0.0
296.79 0.0
296.8 0.0
296.81 0.0
296.82 0.0
296.83 0.0
296.84 0.0
296.85 0.0
296.86 0.0
296.87 0.0
296.88 0.0
296.89 0.0
296.9 0.0
296.91 0.0
296.92 0.0
296.93 0.0
296.94 0.0
296.95 0.0
296.96 0.0
296.97 0.0
296.98 0.0
296.99 0.0
297.0 0.0
297.01 0.0
297.02 0.0
297.03 0.0
297.04 0.0
297.05 0.0
297.06 0.0
297.07 0.0
297.08 0.0
297.09 0.0
297.1 0.0
297.11 0.0
297.12 0.0
297.13 0.0
297.14 0.0
297.15 0.0
297.16 0.0
297.17 0.0
297.18 0.0
297.19 0.0
297.2 0.0
297.21 0.0
297.22 0.0
297.23 0.0
297.24 0.0
297.25 0.0
297.26 0.0
297.27 0.0
297.28 0.0
297.29 0.0
297.3 0.0
297.31 0.0
297.32 0.0
297.33 0.0
297.34 0.0
297.35 0.0
297.36 0.0
297.37 0.0
297.38 0.0
297.39 0.0
297.4 0.0
297.41 0.0
297.42 0.0
297.43 0.0
297.44 0.0
297.45 0.0
297.46 0.0
297.47 0.0
297.48 0.0
297.49 0.0
297.5 0.0
297.51 0.0
297.52 0.0
297.53 0.0
297.54 0.0
297.55 0.0
297.56 0.0
297.57 0.0
297.58 0.0
297.59 0.0
297.6 0.0
297.61 0.0
297.62 0.0
297.63 0.0
297.64 0.0
297.65 0.0
297.66 0.0
297.67 0.0
297.68 0.0
297.69 0.0
297.7 0.0
297.71 0.0
297.72 0.0
297.73 0.0
297.74 0.0
297.75 0.0
297.76 0.0
297.77 0.0
297.78 0.0
297.79 0.0
297.8 0.0
297.81 0.0
297.82 0.0
297.83 0.0
297.84 0.0
297.85 0.0
297.86 0.0
297.87 0.0
297.88 0.0
297.89 0.0
297.9 0.0
297.91 0.0
297.92 0.0
297.93 0.0
297.94 0.0
297.95 0.0
297.96 0.0
297.97 0.0
297.98 0.0
297.99 0.0
298.0 0.0
298.01 0.0
298.02 0.0
298.03 0.0
298.04 0.0
298.05 0.0
298.06 0.0
298.07 0.0
298.08 0.0
298.09 0.0
298.1 0.0
298.11 0.0
298.12 0.0
298.13 0.0
298.14 0.0
298.15 0.0
298.16 0.0
298.17 0.0
298.18 0.0
298.19 0.0
298.2 0.0
298.21 0.0
298.22 0.0
298.23 0.0
298.24 0.0
298.25 0.0
298.26 0.0
298.27 0.0
298.28 0.0
298.29 0.0
298.3 0.0
298.31 0.0
298.32 0.0
298.33 0.0
298.34 0.0
298.35 0.0
298.36 0.0
298.37 0.0
298.38 0.0
298.39 0.0
298.4 0.0
298.41 0.0
298.42 0.0
298.43 0.0
298.44 0.0
298.45 0.0
298.46 0.0
298.47 0.0
298.48 0.0
298.49 0.0
298.5 0.0
298.51 0.0
298.52 0.0
298.53 0.0
298.54 0.0
298.55 0.0
298.56 0.0
298.57 0.0
298.58 0.0
298.59 0.0
298.6 0.0
298.61 0.0
298.62 0.0
298.63 0.0
298.64 0.0
298.65 0.0
298.66 0.0
298.67 0.0
298.68 0.0
298.69 0.0
298.7 0.0
298.71 0.0
298.72 0.0
298.73 0.0
298.74 0.0
298.75 0.0
298.76 0.0
298.77 0.0
298.78 0.0
298.79 0.0
298.8 0.0
298.81 0.0
298.82 0.0
298.83 0.0
298.84 0.0
298.85 0.0
298.86 0.0
298.87 0.0
298.88 0.0
298.89 0.0
298.9 0.0
298.91 0.0
298.92 0.0
298.93 0.0
298.94 0.0
298.95 0.0
298.96 0.0
298.97 0.0
298.98 0.0
298.99 0.0
299.0 0.0
299.01 0.0
299.02 0.0
299.03 0.0
299.04 0.0
299.05 0.0
299.06 0.0
299.07 0.0
299.08 0.0
299.09 0.0
299.1 0.0
299.11 0.0
299.12 0.0
299.13 0.0
299.14 0.0
299.15 0.0
299.16 0.0
299.17 0.0
299.18 0.0
299.19 0.0
299.2 0.0
299.21 0.0
299.22 0.0
299.23 0.0
299.24 0.0
299.25 0.0
299.26 0.0
299.27 0.0
299.28 0.0
299.29 0.0
299.3 0.0
299.31 0.0
299.32 0.0
299.33 0.0
299.34 0.0
299.35 0.0
299.36 0.0
299.37 0.0
299.38 0.0
299.39 0.0
299.4 0.0
299.41 0.0
299.42 0.0
299.43 0.0
299.44 0.0
299.45 0.0
299.46 0.0
299.47 0.0
299.48 0.0
299.49 0.0
299.5 0.0
299.51 0.0
299.52 0.0
299.53 0.0
299.54 0.0
299.55 0.0
299.56 0.0
299.57 0.0
299.58 0.0
299.59 0.0
299.6 0.0
299.61 0.0
299.62 0.0
299.63 0.0
299.64 0.0
299.65 0.0
299.66 0.0
299.67 0.0
299.68 0.0
299.69 0.0
299.7 0.0
299.71 0.0
299.72 0.0
299.73 0.0
299.74 0.0
299.75 0.0
299.76 0.0
299.77 0.0
299.78 0.0
299.79 0.0
299.8 0.0
299.81 0.0
299.82 0.0
299.83 0.0
299.84 0.0
299.85 0.0
299.86 0.0
299.87 0.0
299.88 0.0
299.89 0.0
299.9 0.0
299.91 0.0
299.92 0.0
299.93 0.0
299.94 0.0
299.95 0.0
299.96 0.0
299.97 0.0
299.98 0.0
299.99 0.0
