   288.18471  0.0058682    
   288.80954  0.0120133    
   289.51768  0.0043075    
   289.87688  0.0028529    
   290.63412  0.0179179    
   290.64264  0.0031966    
   291.13184  0.0047616    
   291.47796  0.0218075    
   291.65976  0.0015060    
   291.82716  0.0086436    
   292.06521  0.0100259    
   292.33703  0.0025953    
   292.55007  0.0017172    
   292.73243  0.0008388    
   293.23057  0.0007028    
   293.24476  0.0049738    
   293.95864  0.0116893    
   294.08123  0.0076676    
   294.12919  0.0035372    
   294.45943  0.0067884    
   295.31011  0.0002786    
   295.51070  0.0007285    
   285.90752  0.0459122    
   288.03537  0.0589098    
   289.84905  0.0081735    
   291.52320  0.0053107    
   292.47479  0.0032573    
   294.09953  0.0042099    
   296.70130  0.0003842    
   298.67146  0.0000866    
   301.16557  0.0453892    
   302.54810  0.0164997    
   303.11203  0.0008272    
   303.46774  0.0133820    
   303.88258  0.0300340    
   306.11878  0.0086924    
   307.51552  0.0000210    
